epoch,accuracy,loss,val_accuracy,val_loss
0,0.26531681418418884,1.7928911447525024,0.3602120578289032,1.6930334568023682
1,0.36952346563339233,1.6192163228988647,0.4077846109867096,1.543480634689331
2,0.41162505745887756,1.5260392427444458,0.4453125,1.461443543434143
3,0.44074010848999023,1.4536035060882568,0.4677734375,1.3983917236328125
4,0.4670623242855072,1.3954265117645264,0.4928850531578064,1.3467241525650024
5,0.49118518829345703,1.3422681093215942,0.5046038031578064,1.3053438663482666
6,0.5089893341064453,1.2983125448226929,0.5181361436843872,1.2689279317855835
7,0.5244894623756409,1.2554174661636353,0.5239955186843872,1.2430346012115479
8,0.5398149490356445,1.2184925079345703,0.5419921875,1.2086551189422607
9,0.5565369129180908,1.1840585470199585,0.5422711968421936,1.2094570398330688
10,0.5678827166557312,1.1562440395355225,0.5518973469734192,1.1759395599365234
11,0.5784953832626343,1.129952311515808,0.5577567219734192,1.158035159111023
12,0.5900506377220154,1.1034022569656372,0.5611048936843872,1.1469119787216187
13,0.5990225076675415,1.074828028678894,0.5733817219734192,1.1263768672943115
14,0.613649845123291,1.0467967987060547,0.5763114094734192,1.11705482006073
15,0.6183976531028748,1.0268763303756714,0.5772879719734192,1.126630187034607
16,0.6242974400520325,1.003230333328247,0.5871930718421936,1.1076070070266724
17,0.6386454701423645,0.9761807322502136,0.5825892686843872,1.1024802923202515
18,0.6478617787361145,0.9556161761283875,0.5909598469734192,1.088992714881897
19,0.656868577003479,0.9316521286964417,0.5930524468421936,1.0911128520965576
20,0.6641647815704346,0.9118809103965759,0.5943080186843872,1.0870451927185059
21,0.6761738657951355,0.8866990208625793,0.6011439561843872,1.0798509120941162
22,0.6840984225273132,0.8593493700027466,0.6090959906578064,1.0738285779953003
23,0.6930004954338074,0.8378541469573975,0.6068638563156128,1.076846957206726
24,0.6989003419876099,0.8199099898338318,0.6042131781578064,1.0884984731674194
25,0.7084656953811646,0.7939473390579224,0.6067243218421936,1.0719763040542603
26,0.7181357741355896,0.772235631942749,0.6096540093421936,1.0738273859024048
27,0.7296212315559387,0.7485867142677307,0.6171875,1.07035493850708
28,0.737999677658081,0.7203335165977478,0.6127232313156128,1.0706005096435547
29,0.7445627450942993,0.7025080323219299,0.6188616156578064,1.0765436887741089
30,0.7518240809440613,0.6870457530021667,0.6135602593421936,1.0848323106765747
31,0.7622970938682556,0.6558412313461304,0.6164899468421936,1.084740161895752
32,0.7685110569000244,0.6373838186264038,0.6217913031578064,1.0799602270126343
33,0.776749849319458,0.6135914325714111,0.6212332844734192,1.086364507675171
34,0.7851632237434387,0.5887630581855774,0.6245814561843872,1.1072338819503784
35,0.7877465486526489,0.583308219909668,0.6125836968421936,1.11942458152771
36,0.8011869192123413,0.5502808690071106,0.6240234375,1.1066428422927856
37,0.8097748160362244,0.5328084230422974,0.625,1.1317704916000366
38,0.8101588487625122,0.5171889066696167,0.6237444281578064,1.120223879814148
39,0.8212951421737671,0.4916318655014038,0.6237444281578064,1.132351279258728
40,0.8289055824279785,0.4833824038505554,0.6261160969734192,1.1415128707885742
41,0.8341770172119141,0.4689027667045593,0.62109375,1.166630506515503
42,0.8403909802436829,0.4467324912548065,0.6297432780265808,1.1528675556182861
43,0.8431139588356018,0.43887564539909363,0.6241629719734192,1.1592692136764526
44,0.8483155965805054,0.42230015993118286,0.6277901530265808,1.185004472732544
45,0.8520858883857727,0.4100022315979004,0.6311383843421936,1.1905361413955688
46,0.8576017022132874,0.3973977863788605,0.6309989094734192,1.2041845321655273
47,0.8627334833145142,0.3834998607635498,0.6237444281578064,1.2011104822158813
48,0.8664688467979431,0.3732481300830841,0.6270926594734192,1.1962330341339111
49,0.8729621171951294,0.35510993003845215,0.6261160969734192,1.2095175981521606
50,0.8750567436218262,0.34743642807006836,0.6254185438156128,1.215616226196289
51,0.8811659812927246,0.3396376073360443,0.623046875,1.2473007440567017
52,0.8835747838020325,0.3279864192008972,0.6243024468421936,1.2422186136245728
53,0.8850409984588623,0.31846532225608826,0.6282086968421936,1.2607710361480713
54,0.8876941800117493,0.31204769015312195,0.6251395344734192,1.2444498538970947
55,0.891883373260498,0.30399808287620544,0.6275111436843872,1.270924687385559
56,0.8950951099395752,0.29251253604888916,0.6268135905265808,1.2788761854171753
57,0.8995985388755798,0.2834523916244507,0.6286272406578064,1.2755709886550903
58,0.9032641053199768,0.27305853366851807,0.6268135905265808,1.3113508224487305
59,0.9041368365287781,0.2700193524360657,0.6248604655265808,1.2847579717636108
60,0.906790018081665,0.2658211588859558,0.6266741156578064,1.331049919128418
61,0.9072089195251465,0.2609044909477234,0.6229073405265808,1.3202708959579468
62,0.9102112054824829,0.25498369336128235,0.6247209906578064,1.3475444316864014
63,0.9128294587135315,0.24911504983901978,0.6262555718421936,1.3415786027908325
64,0.9133880138397217,0.24011726677417755,0.6323939561843872,1.3459333181381226
65,0.9182056188583374,0.23037022352218628,0.6296038031578064,1.3682984113693237
66,0.9176121354103088,0.23207607865333557,0.6258370280265808,1.3546010255813599
67,0.9166695475578308,0.2313316911458969,0.6296038031578064,1.3630965948104858
68,0.9239658117294312,0.21563507616519928,0.6277901530265808,1.396295189857483
69,0.9247338175773621,0.2175435572862625,0.6298828125,1.3919565677642822
70,0.9282946586608887,0.20946025848388672,0.6290457844734192,1.40545654296875
71,0.9260603785514832,0.20844003558158875,0.6304408311843872,1.4078782796859741
72,0.9286786317825317,0.20243093371391296,0.6326729655265808,1.4171981811523438
73,0.9303892254829407,0.20024360716342926,0.6321149468421936,1.4042266607284546
74,0.9319602251052856,0.1915302723646164,0.6297432780265808,1.4472025632858276
75,0.934787929058075,0.1879446804523468,0.6277901530265808,1.4548238515853882
76,0.934089720249176,0.189597025513649,0.6349051594734192,1.4379665851593018
77,0.9316809177398682,0.19038470089435577,0.62890625,1.4587459564208984
78,0.937685489654541,0.18062543869018555,0.6315569281578064,1.4641722440719604
79,0.938837468624115,0.17833611369132996,0.6336495280265808,1.46103835105896
80,0.9385931491851807,0.17456725239753723,0.6315569281578064,1.4380972385406494
81,0.9386629462242126,0.1743333488702774,0.6294642686843872,1.4651825428009033
82,0.9400244355201721,0.17134849727153778,0.6328125,1.4601061344146729
83,0.9420841336250305,0.16451090574264526,0.6312779188156128,1.4664188623428345
84,0.9427823424339294,0.16096921265125275,0.6346260905265808,1.5161617994308472
85,0.9438994526863098,0.1621456891298294,0.6291852593421936,1.4995555877685547
86,0.9447023868560791,0.16068033874034882,0.6363002061843872,1.5152195692062378
87,0.9442485570907593,0.15881353616714478,0.6293247938156128,1.4630099534988403
88,0.946412980556488,0.156873881816864,0.630859375,1.4677999019622803
89,0.9463082551956177,0.15505413711071014,0.6252790093421936,1.4953441619873047
90,0.9466922879219055,0.1494605839252472,0.6298828125,1.5027730464935303
91,0.9470064640045166,0.15344122052192688,0.6328125,1.4818356037139893
92,0.9507767558097839,0.1426437497138977,0.6322544813156128,1.542479395866394
93,0.9503229260444641,0.14158953726291656,0.6294642686843872,1.539310097694397
94,0.9479839205741882,0.14663463830947876,0.6326729655265808,1.5356858968734741
95,0.951021134853363,0.14163319766521454,0.6316964030265808,1.5218993425369263
96,0.9513003826141357,0.14065216481685638,0.6301618218421936,1.521371841430664
97,0.9504974484443665,0.14055941998958588,0.6304408311843872,1.5159839391708374
98,0.9532553553581238,0.13513028621673584,0.6340680718421936,1.5638371706008911
99,0.952801525592804,0.13435477018356323,0.6335100531578064,1.5591707229614258
100,0.9533950090408325,0.1353926658630371,0.6309989094734192,1.5761531591415405
101,0.9544423222541809,0.1367630809545517,0.6314173936843872,1.5399110317230225
102,0.9562227129936218,0.12881268560886383,0.6311383843421936,1.5686026811599731
103,0.9543724656105042,0.13139234483242035,0.6309989094734192,1.5545566082000732
104,0.9590504169464111,0.11968538165092468,0.6314173936843872,1.6046773195266724
105,0.9551405310630798,0.1280563771724701,0.6301618218421936,1.5676428079605103
106,0.9562925696372986,0.12475833296775818,0.6282086968421936,1.5882642269134521
107,0.9566765427589417,0.12303049117326736,0.6280692219734192,1.6032730340957642
108,0.9565020203590393,0.12824466824531555,0.6291852593421936,1.562286376953125
109,0.9577587842941284,0.12403550744056702,0.6270926594734192,1.560156226158142
110,0.9580380320549011,0.12079010158777237,0.6326729655265808,1.583685040473938
111,0.9579333066940308,0.11946016550064087,0.6296038031578064,1.6481873989105225
112,0.9580729603767395,0.12166912853717804,0.6296038031578064,1.5675935745239258
113,0.9596439003944397,0.11862979084253311,0.6314173936843872,1.6272610425949097
114,0.9612846970558167,0.1127639189362526,0.6290457844734192,1.6162234544754028
115,0.9614941477775574,0.11240378767251968,0.6268135905265808,1.6145398616790771
116,0.9607959389686584,0.11478222906589508,0.6284877061843872,1.6483601331710815
117,0.9614941477775574,0.11232611536979675,0.62890625,1.5854078531265259
118,0.9626112580299377,0.10994827002286911,0.6309989094734192,1.6061060428619385
119,0.9606214165687561,0.11554242670536041,0.6325334906578064,1.6219667196273804
120,0.9605166912078857,0.11107882112264633,0.6265345811843872,1.657124400138855
121,0.9608657956123352,0.11016847938299179,0.6342076063156128,1.6343775987625122
122,0.963030219078064,0.10879704356193542,0.6255580186843872,1.6237791776657104
123,0.9649153351783752,0.10691113024950027,0.6329520344734192,1.6186726093292236
124,0.9632396697998047,0.10619191825389862,0.6277901530265808,1.6432899236679077
125,0.9619829058647156,0.10905513167381287,0.6245814561843872,1.635538935661316
126,0.9628207087516785,0.1059366762638092,0.62890625,1.6453193426132202
127,0.9649502635002136,0.10265927761793137,0.6282086968421936,1.6340266466140747
128,0.9640774726867676,0.10611122101545334,0.6273716688156128,1.6183217763900757
129,0.9666259288787842,0.0999995768070221,0.6262555718421936,1.7248536348342896
130,0.9673939347267151,0.09677527099847794,0.6301618218421936,1.670823097229004
131,0.9668353796005249,0.0967736765742302,0.6330915093421936,1.6644645929336548
132,0.9652644395828247,0.09959599375724792,0.6290457844734192,1.698111653327942
133,0.9664514064788818,0.0973941907286644,0.6277901530265808,1.6578490734100342
134,0.9656484723091125,0.1023537665605545,0.6294642686843872,1.6632131338119507
135,0.9669750332832336,0.09809628129005432,0.6309989094734192,1.6737746000289917
136,0.9660324454307556,0.09558381140232086,0.6283482313156128,1.7068856954574585
137,0.9676034450531006,0.0936933308839798,0.6312779188156128,1.6323381662368774
138,0.9677779674530029,0.09429614990949631,0.6319754719734192,1.6836988925933838
139,0.9679874181747437,0.09123078733682632,0.6293247938156128,1.6526777744293213
140,0.9675335884094238,0.09286363422870636,0.6319754719734192,1.692699670791626
141,0.9678477644920349,0.09209800511598587,0.6261160969734192,1.708921194076538
142,0.9682317972183228,0.09063167870044708,0.6282086968421936,1.714311957359314
143,0.9677779674530029,0.09086334705352783,0.6261160969734192,1.6896575689315796
144,0.9685111045837402,0.0911998599767685,0.6265345811843872,1.7614730596542358
145,0.969104528427124,0.09067156910896301,0.625,1.729452133178711
146,0.9689998030662537,0.0891084372997284,0.6291852593421936,1.7220180034637451
147,0.9713388085365295,0.08853716403245926,0.626953125,1.7050492763519287
148,0.9691743850708008,0.08809667825698853,0.6300223469734192,1.7118014097213745
149,0.969034731388092,0.09025658667087555,0.6275111436843872,1.6772642135620117
150,0.969732940196991,0.09017851203680038,0.6284877061843872,1.6903434991836548
151,0.9701867699623108,0.0879589170217514,0.6294642686843872,1.7092323303222656
152,0.9711293578147888,0.08533984422683716,0.6273716688156128,1.6814507246017456
153,0.9690696597099304,0.09083712846040726,0.6294642686843872,1.703818917274475
154,0.9709199070930481,0.08457008004188538,0.6279296875,1.7423515319824219
155,0.9704311490058899,0.08628527075052261,0.6259765625,1.7074998617172241
156,0.9718973636627197,0.08474040776491165,0.6300223469734192,1.7700860500335693
157,0.9716529846191406,0.0840577483177185,0.6284877061843872,1.7227965593338013
158,0.9731191992759705,0.07952576875686646,0.6303013563156128,1.7458537817001343
159,0.9722813963890076,0.08322861045598984,0.6259765625,1.7448841333389282
160,0.9725257754325867,0.07893547415733337,0.6283482313156128,1.7197494506835938
161,0.9717228412628174,0.08270332962274551,0.6282086968421936,1.7521007061004639
162,0.973712682723999,0.0771968886256218,0.6318359375,1.810051679611206
163,0.9717228412628174,0.08254243433475494,0.6258370280265808,1.7583123445510864
164,0.9718624353408813,0.08210436999797821,0.6261160969734192,1.7711104154586792
165,0.972770094871521,0.07918310910463333,0.6290457844734192,1.7250070571899414
166,0.9738872647285461,0.07783099263906479,0.6319754719734192,1.8458759784698486
167,0.9724209904670715,0.07992898672819138,0.6280692219734192,1.7399142980575562
168,0.9714784622192383,0.0824291855096817,0.6286272406578064,1.7603797912597656
169,0.9737476110458374,0.07787463068962097,0.6330915093421936,1.775765299797058
170,0.9720370173454285,0.07872635871171951,0.6287667155265808,1.7761847972869873
171,0.9745505452156067,0.07527032494544983,0.6270926594734192,1.7945539951324463
172,0.9737825393676758,0.07894161343574524,0.6337890625,1.7370158433914185
173,0.9741315841674805,0.07498565316200256,0.6314173936843872,1.7407333850860596
174,0.973642885684967,0.07862158864736557,0.6296038031578064,1.78177011013031
175,0.974655270576477,0.07517265528440475,0.62890625,1.7794626951217651
176,0.9741665124893188,0.07575953006744385,0.6309989094734192,1.7963485717773438
177,0.9741315841674805,0.0747113898396492,0.6326729655265808,1.7659857273101807
178,0.9761214852333069,0.07469075918197632,0.630859375,1.7700120210647583
179,0.9749694466590881,0.0735379084944725,0.6312779188156128,1.7864435911178589
180,0.9752138257026672,0.0745331272482872,0.6279296875,1.8269712924957275
181,0.9756676554679871,0.07318267226219177,0.626953125,1.827824354171753
182,0.974341094493866,0.07122301310300827,0.6293247938156128,1.8498955965042114
183,0.9734334349632263,0.07611799985170364,0.6329520344734192,1.7730238437652588
184,0.974410891532898,0.07194912433624268,0.6363002061843872,1.7908936738967896
185,0.9763309359550476,0.07025741785764694,0.6287667155265808,1.7811239957809448
186,0.9747599959373474,0.07546205073595047,0.6307198405265808,1.7183668613433838
187,0.9751440286636353,0.07166235148906708,0.6270926594734192,1.7852566242218018
188,0.9747949242591858,0.07365348190069199,0.6318359375,1.8292518854141235
189,0.9744806885719299,0.07289370149374008,0.6293247938156128,1.8008142709732056
190,0.9763309359550476,0.07046284526586533,0.6293247938156128,1.7820178270339966
191,0.9762611389160156,0.07139337062835693,0.6321149468421936,1.814167857170105
192,0.9739221334457397,0.0751822218298912,0.6259765625,1.7982581853866577
193,0.9772385954856873,0.06843653321266174,0.6303013563156128,1.7495002746582031
194,0.9775179028511047,0.0670246109366417,0.6279296875,1.7588942050933838
195,0.975737452507019,0.07096254080533981,0.6301618218421936,1.77549147605896
196,0.9760865569114685,0.06812796741724014,0.6304408311843872,1.7663213014602661
197,0.9775179028511047,0.0688888430595398,0.6280692219734192,1.7908042669296265
198,0.9754931330680847,0.07096653431653976,0.6300223469734192,1.7756348848342896
199,0.9766102433204651,0.06748072803020477,0.6343470811843872,1.854346513748169
200,0.9766102433204651,0.06646831333637238,0.6290457844734192,1.810114860534668
201,0.9778180718421936,0.06539276987314224,0.6283482313156128,1.7884471416473389
202,0.9778670072555542,0.06521768122911453,0.6301618218421936,1.856587529182434
203,0.9769942164421082,0.06529088318347931,0.6286272406578064,1.8270161151885986
204,0.9770640730857849,0.06813710182905197,0.6318359375,1.81039559841156
205,0.9774131774902344,0.06359793245792389,0.6286272406578064,1.7833131551742554
206,0.9764007925987244,0.06884714961051941,0.6282086968421936,1.8093122243881226
207,0.9784604907035828,0.06375680863857269,0.6323939561843872,1.8157871961593628
208,0.9769942164421082,0.06581868976354599,0.6259765625,1.804936170578003
209,0.9782161116600037,0.0644400492310524,0.6319754719734192,1.8924106359481812
210,0.9769942164421082,0.06650542467832565,0.6315569281578064,1.7907291650772095
211,0.9797870516777039,0.0604238323867321,0.6307198405265808,1.8715676069259644
212,0.9776226282119751,0.06728161871433258,0.634765625,1.8269597291946411
213,0.9782509803771973,0.0626932829618454,0.6351841688156128,1.8706691265106201
214,0.978390634059906,0.06304996460676193,0.6322544813156128,1.8648436069488525
215,0.979403018951416,0.06101799011230469,0.6319754719734192,1.8469825983047485
216,0.977308452129364,0.0670456737279892,0.6322544813156128,1.8021496534347534
217,0.9801361560821533,0.05876766890287399,0.6360211968421936,1.8937036991119385
218,0.9793681502342224,0.05930348485708237,0.6330915093421936,1.8828785419464111
219,0.9774131774902344,0.06296180188655853,0.6309989094734192,1.8908140659332275
220,0.9805899858474731,0.05937375873327255,0.6337890625,1.858294129371643
221,0.978390634059906,0.06543432921171188,0.630859375,1.8498567342758179
222,0.9795077443122864,0.06238653510808945,0.6321149468421936,1.8574001789093018
223,0.980031430721283,0.05911972373723984,0.6304408311843872,1.9012651443481445
224,0.9788095951080322,0.062087416648864746,0.6312779188156128,1.8545299768447876
225,0.9780415296554565,0.0638037770986557,0.6318359375,1.7955474853515625
226,0.978390634059906,0.06075567007064819,0.6311383843421936,1.8270435333251953
227,0.9807645082473755,0.058363500982522964,0.6303013563156128,1.9009857177734375
228,0.9791237711906433,0.06137096881866455,0.6284877061843872,1.8528460264205933
229,0.9791586399078369,0.05825211480259895,0.6326729655265808,1.8469102382659912
230,0.9809041619300842,0.056094955652952194,0.6318359375,1.8645286560058594
231,0.9796473979949951,0.060267943888902664,0.6342076063156128,1.9137516021728516
232,0.9811834692955017,0.057250507175922394,0.6351841688156128,1.8968055248260498
233,0.9781811833381653,0.0623653344810009,0.6266741156578064,1.9050767421722412
234,0.9794379472732544,0.05970625579357147,0.630859375,1.8694674968719482
235,0.9803106784820557,0.05835301801562309,0.6346260905265808,1.893039345741272
236,0.9799965023994446,0.059639427810907364,0.6301618218421936,1.8666247129440308
237,0.9799615740776062,0.056475624442100525,0.6322544813156128,1.8609951734542847
238,0.9799965023994446,0.059743817895650864,0.6305803656578064,1.8850860595703125
239,0.9800662994384766,0.05830846354365349,0.6276506781578064,1.853037714958191
240,0.9797870516777039,0.057788699865341187,0.6304408311843872,1.8852332830429077
241,0.9802758097648621,0.05580439791083336,0.6301618218421936,1.8708107471466064
242,0.9806249141693115,0.05474448576569557,0.6343470811843872,1.8864744901657104
243,0.9807994365692139,0.05636315047740936,0.6307198405265808,1.8781272172927856
244,0.9803805351257324,0.05741478130221367,0.6318359375,1.8873265981674194
245,0.9831733107566833,0.05124731734395027,0.6326729655265808,1.8952068090438843
246,0.9804852604866028,0.05685108155012131,0.6291852593421936,1.8738811016082764
247,0.981043815612793,0.055501747876405716,0.6333705186843872,1.918721079826355
248,0.9799965023994446,0.05819515511393547,0.6319754719734192,1.9250504970550537
249,0.9794728755950928,0.06012876331806183,0.6298828125,1.8215388059616089
250,0.9793681502342224,0.06021283566951752,0.6307198405265808,1.794836163520813
251,0.9819514751434326,0.05145744979381561,0.6294642686843872,1.945867896080017
252,0.981043815612793,0.05306009203195572,0.6294642686843872,1.9024466276168823
253,0.982125997543335,0.05502575263381004,0.6259765625,1.9397724866867065
254,0.9800662994384766,0.057249996811151505,0.6298828125,1.8885209560394287
255,0.9823355078697205,0.05181447044014931,0.6326729655265808,1.907379150390625
256,0.9811834692955017,0.05581262335181236,0.6342076063156128,1.8878370523452759
257,0.9816023707389832,0.05322199687361717,0.6309989094734192,1.8994324207305908
258,0.9804852604866028,0.055174969136714935,0.6277901530265808,1.87706458568573
259,0.9814278483390808,0.05492201820015907,0.6328125,1.8947094678878784
260,0.9805550575256348,0.05561858415603638,0.6326729655265808,1.8509767055511475
261,0.9821609258651733,0.052712779492139816,0.6328125,1.9156819581985474
262,0.9821958541870117,0.05298321321606636,0.6303013563156128,1.8578931093215942
263,0.9813230633735657,0.05461602285504341,0.6325334906578064,1.9608583450317383
264,0.9814976453781128,0.05429786443710327,0.6361607313156128,1.9390144348144531
265,0.981113612651825,0.05354159697890282,0.6326729655265808,1.904131293296814
266,0.9823005795478821,0.05078235641121864,0.6296038031578064,1.8621214628219604
267,0.9828591346740723,0.05001191049814224,0.630859375,1.9071837663650513
268,0.9816372990608215,0.05323803052306175,0.6311383843421936,1.9942654371261597
269,0.9834176898002625,0.05109580233693123,0.6326729655265808,1.9001656770706177
270,0.9822307825088501,0.05086776241660118,0.6291852593421936,1.9322474002838135
271,0.9826846122741699,0.05093756318092346,0.6335100531578064,1.8806949853897095
272,0.9817420244216919,0.05262038856744766,0.6329520344734192,1.9151345491409302
273,0.9831035137176514,0.049687016755342484,0.6336495280265808,1.9073280096054077
274,0.9812881946563721,0.05178963765501976,0.6326729655265808,1.9378663301467896
275,0.9807994365692139,0.05548194795846939,0.6325334906578064,1.903643250465393
276,0.9823005795478821,0.048477090895175934,0.6336495280265808,1.9339383840560913
277,0.9825798273086548,0.050500523298978806,0.6329520344734192,1.9405710697174072
278,0.9810088872909546,0.05380494147539139,0.6333705186843872,1.917051911354065
279,0.9823355078697205,0.051958587020635605,0.6349051594734192,1.926870584487915
280,0.9822656512260437,0.053071193397045135,0.6332310438156128,1.9336918592453003
281,0.9824053049087524,0.05114012211561203,0.6326729655265808,1.9204190969467163
282,0.982125997543335,0.050286270678043365,0.6294642686843872,1.944580078125
283,0.9819514751434326,0.05081448704004288,0.6326729655265808,1.8965575695037842
284,0.9839064478874207,0.04666188731789589,0.6325334906578064,1.8971598148345947
285,0.9824402332305908,0.05043741315603256,0.6325334906578064,1.9397971630096436
286,0.9823703765869141,0.05196831375360489,0.6322544813156128,1.8913739919662476
287,0.9832082390785217,0.04924943670630455,0.6342076063156128,1.9402674436569214
288,0.9825100302696228,0.04838526248931885,0.6343470811843872,1.9447661638259888
289,0.9827893376350403,0.04963211342692375,0.6322544813156128,1.9666755199432373
290,0.9810088872909546,0.053919050842523575,0.6346260905265808,1.844603180885315
291,0.9828940629959106,0.04921133443713188,0.6319754719734192,1.9181911945343018
292,0.9830337166786194,0.050599582493305206,0.6300223469734192,1.8742469549179077
293,0.9823005795478821,0.05110962688922882,0.6342076063156128,1.9256312847137451
294,0.9830337166786194,0.05019049346446991,0.634765625,1.9257838726043701
295,0.982125997543335,0.0522940531373024,0.6357421875,1.9211398363113403
296,0.9832780361175537,0.048298608511686325,0.6374163031578064,1.9168680906295776
297,0.9835922718048096,0.04815119132399559,0.6357421875,1.9347660541534424
298,0.9828940629959106,0.04843222349882126,0.6358817219734192,1.963858723640442
299,0.9844650030136108,0.04567351192235947,0.6309989094734192,1.9602855443954468
300,0.9834526181221008,0.04618304222822189,0.6383928656578064,1.9441614151000977
301,0.982998788356781,0.04940460994839668,0.6353236436843872,1.9855127334594727
302,0.9828591346740723,0.04907029867172241,0.6307198405265808,1.88056218624115
303,0.9836271405220032,0.0464557409286499,0.6343470811843872,1.967402696609497
304,0.9821609258651733,0.048893123865127563,0.6293247938156128,1.9200679063796997
305,0.9832431674003601,0.04913155734539032,0.6360211968421936,1.9493019580841064
306,0.9847093820571899,0.0457138791680336,0.6307198405265808,1.9656074047088623
307,0.9838715195655823,0.048037149012088776,0.6287667155265808,1.9726134538650513
308,0.9840461015701294,0.046523407101631165,0.6344866156578064,1.9063783884048462
309,0.9841856956481934,0.045618876814842224,0.6293247938156128,1.9765485525131226
310,0.9848141074180603,0.042873527854681015,0.6283482313156128,1.9832613468170166
311,0.9835922718048096,0.04674289748072624,0.6307198405265808,2.0017905235290527
312,0.9847093820571899,0.04525187611579895,0.6280692219734192,1.9154243469238281
313,0.9836620688438416,0.04874551296234131,0.6300223469734192,1.9495853185653687
314,0.9833827614784241,0.047250691801309586,0.6326729655265808,1.9371263980865479
315,0.9836271405220032,0.045119140297174454,0.6329520344734192,1.9654481410980225
316,0.983941376209259,0.04505327716469765,0.6354631781578064,1.940470814704895
317,0.9834875464439392,0.04592709615826607,0.6335100531578064,2.018768787384033
318,0.9846744537353516,0.04475198686122894,0.6307198405265808,2.014244556427002
319,0.9854424595832825,0.04474588483572006,0.6319754719734192,1.9223960638046265
320,0.9842555522918701,0.04605624079704285,0.6323939561843872,1.994219183921814
321,0.9851282835006714,0.04384312778711319,0.6353236436843872,2.0012660026550293
322,0.9853028655052185,0.04323812574148178,0.6311383843421936,1.9861418008804321
323,0.984080970287323,0.04607049375772476,0.6350446343421936,1.996591567993164
324,0.9852679371833801,0.04373105615377426,0.6328125,1.9189527034759521
325,0.9847093820571899,0.04340159893035889,0.6337890625,1.9678096771240234
326,0.9848490357398987,0.04456685483455658,0.6293247938156128,1.9792516231536865
327,0.9849188327789307,0.043305907398462296,0.6339285969734192,1.9930375814437866
328,0.9834526181221008,0.047933537513017654,0.6304408311843872,1.978356122970581
329,0.9831384420394897,0.048166483640670776,0.630859375,1.94363534450531
330,0.9860708713531494,0.042909055948257446,0.6315569281578064,2.010396718978882
331,0.9836620688438416,0.0471007265150547,0.6283482313156128,1.937761664390564
332,0.9837318658828735,0.045442283153533936,0.6353236436843872,2.002795934677124
333,0.9843253493309021,0.04409046843647957,0.6272321343421936,1.987874150276184
334,0.9835573434829712,0.045323584228754044,0.6312779188156128,1.9729433059692383
335,0.9839762449264526,0.04741000011563301,0.6312779188156128,1.923323631286621
336,0.9861755967140198,0.04144694656133652,0.6296038031578064,2.040839672088623
337,0.9844999313354492,0.04313039779663086,0.6340680718421936,1.9415130615234375
338,0.984953761100769,0.04106539115309715,0.6335100531578064,2.071441650390625
339,0.9842555522918701,0.04351657256484032,0.6340680718421936,2.0453670024871826
340,0.9839762449264526,0.04655376821756363,0.630859375,2.0229580402374268
341,0.9863501191139221,0.04053293913602829,0.6329520344734192,1.9883393049240112
342,0.9851282835006714,0.04303888604044914,0.6328125,1.972476601600647
343,0.9845697283744812,0.042184606194496155,0.6354631781578064,1.9983850717544556
344,0.9866294264793396,0.04142989218235016,0.6314173936843872,1.9591103792190552
345,0.9863152503967285,0.03895563632249832,0.630859375,2.00014328956604
346,0.9856170415878296,0.04086970165371895,0.6329520344734192,2.0117502212524414
347,0.9842555522918701,0.044101521372795105,0.6339285969734192,2.0198116302490234
348,0.9845697283744812,0.044773928821086884,0.6311383843421936,1.9333146810531616
349,0.9841508269309998,0.04561696946620941,0.6333705186843872,1.9483041763305664
350,0.9853028655052185,0.04327493906021118,0.6344866156578064,1.9385321140289307
351,0.9853726625442505,0.04261113703250885,0.6322544813156128,1.9891973733901978
352,0.9863501191139221,0.039781734347343445,0.6363002061843872,1.9507676362991333
353,0.9853028655052185,0.04174945876002312,0.6329520344734192,2.0491435527801514
354,0.9856170415878296,0.04157990962266922,0.6353236436843872,2.0081050395965576
355,0.9846744537353516,0.04477499797940254,0.6353236436843872,2.0203733444213867
356,0.9850584864616394,0.04262842610478401,0.62890625,1.9717767238616943
357,0.985023558139801,0.042789753526449203,0.6316964030265808,1.9612789154052734
358,0.9851632118225098,0.04185866564512253,0.634765625,2.0229780673980713
359,0.9857566952705383,0.040911976248025894,0.6343470811843872,1.9745432138442993
360,0.9861406683921814,0.03974147140979767,0.6351841688156128,1.9701776504516602
361,0.9862453937530518,0.04245942458510399,0.6342076063156128,2.0342674255371094
362,0.9855821132659912,0.04120539873838425,0.6304408311843872,1.9790157079696655
363,0.9849188327789307,0.042447395622730255,0.6293247938156128,1.9208372831344604
364,0.9854424595832825,0.0419033020734787,0.6316964030265808,1.9657707214355469
365,0.9854424595832825,0.042257070541381836,0.6325334906578064,1.961083173751831
366,0.9854773879051208,0.04237116500735283,0.6330915093421936,1.991524577140808
367,0.9873974323272705,0.035838183015584946,0.6350446343421936,1.9773458242416382
368,0.9865944981575012,0.04040398821234703,0.6339285969734192,2.030189037322998
369,0.9863850474357605,0.039753157645463943,0.6342076063156128,2.0315020084381104
370,0.9848141074180603,0.04436483979225159,0.6252790093421936,2.014159917831421
371,0.9860010743141174,0.03901195153594017,0.6304408311843872,2.031423807144165
372,0.985966145992279,0.040437642484903336,0.6297432780265808,2.074922561645508
373,0.9854773879051208,0.041819456964731216,0.6293247938156128,1.971806287765503
374,0.9857217669487,0.03982219099998474,0.6304408311843872,2.0236966609954834
375,0.9855123162269592,0.04230380803346634,0.6358817219734192,1.9874516725540161
376,0.985651969909668,0.04131145402789116,0.6349051594734192,1.9965133666992188
377,0.9845348000526428,0.0430564247071743,0.6321149468421936,1.9439926147460938
378,0.9863850474357605,0.03947225585579872,0.6329520344734192,1.9641056060791016
379,0.9857217669487,0.04028421267867088,0.6321149468421936,2.0369679927825928
380,0.9853028655052185,0.04181486368179321,0.6343470811843872,2.016371726989746
381,0.9869087338447571,0.03796781599521637,0.6371372938156128,1.9770125150680542
382,0.9857915639877319,0.04092059284448624,0.6357421875,2.0277225971221924
383,0.9855821132659912,0.04000714793801308,0.6361607313156128,2.035264492034912
384,0.9874323606491089,0.03745578974485397,0.6328125,2.0407259464263916
385,0.9863850474357605,0.039422985166311264,0.6335100531578064,1.9851019382476807
386,0.9866992235183716,0.038784611970186234,0.6316964030265808,2.0476715564727783
387,0.9864199757575989,0.03915899991989136,0.6356026530265808,2.0204265117645264
388,0.9863501191139221,0.038606155663728714,0.6333705186843872,2.0289974212646484
389,0.9869087338447571,0.0392468236386776,0.6323939561843872,2.0061800479888916
390,0.9852679371833801,0.04139246419072151,0.6346260905265808,2.0619213581085205
391,0.9871879816055298,0.04027480632066727,0.6361607313156128,1.9733459949493408
392,0.9853028655052185,0.04032296687364578,0.6339285969734192,2.0056729316711426
393,0.9869785308837891,0.0384962223470211,0.6342076063156128,2.055028200149536
394,0.9866294264793396,0.0378941185772419,0.6335100531578064,2.006856679916382
395,0.9869436025619507,0.036829397082328796,0.6293247938156128,2.055734157562256
396,0.9858614206314087,0.04033483564853668,0.6335100531578064,2.083366632461548
397,0.9864199757575989,0.03892410546541214,0.6294642686843872,2.0201995372772217
398,0.9869436025619507,0.03655771166086197,0.6319754719734192,2.064671039581299
399,0.9873046875,0.03758750483393669,0.6314173936843872,2.0463764667510986
400,0.9861885905265808,0.039769623428583145,0.6326729655265808,2.0414915084838867
401,0.9847935438156128,0.0412231869995594,0.6337890625,1.9663089513778687
402,0.9869785308837891,0.03652274236083031,0.6336495280265808,1.9970649480819702
403,0.9875021576881409,0.03590243309736252,0.6303013563156128,2.148453950881958
404,0.9874672889709473,0.03713960200548172,0.6337890625,2.0009877681732178
405,0.98673415184021,0.03796062991023064,0.6311383843421936,1.9905496835708618
406,0.9866294264793396,0.038334812968969345,0.6333705186843872,2.0365841388702393
407,0.9862803220748901,0.04017025604844093,0.6337890625,2.0557074546813965
408,0.9870832562446594,0.03568331152200699,0.6337890625,2.100301504135132
409,0.9865596294403076,0.03861227631568909,0.6343470811843872,2.0515501499176025
410,0.9863850474357605,0.03767313435673714,0.6316964030265808,2.0582778453826904
411,0.9873625636100769,0.03521236404776573,0.6333705186843872,2.1124327182769775
412,0.9857566952705383,0.039674121886491776,0.6305803656578064,2.0368499755859375
413,0.9869785308837891,0.037565723061561584,0.6361607313156128,2.018541097640991
414,0.9864199757575989,0.039891909807920456,0.6325334906578064,2.1069576740264893
415,0.9868040084838867,0.03705478832125664,0.6363002061843872,2.043198585510254
416,0.9873276352882385,0.03427464887499809,0.6372767686843872,2.0191681385040283
417,0.9873276352882385,0.03587087616324425,0.6358817219734192,2.138868808746338
418,0.9863152503967285,0.03932512551546097,0.626953125,2.034644603729248
419,0.9855821132659912,0.04150628671050072,0.6354631781578064,1.977974772453308
420,0.9874323606491089,0.035566169768571854,0.6340680718421936,1.9802345037460327
421,0.9866992235183716,0.03688795119524002,0.6346260905265808,2.0802013874053955
422,0.9870832562446594,0.03780011832714081,0.6337890625,2.0976948738098145
423,0.9873974323272705,0.03716804459691048,0.6309989094734192,2.097550868988037
424,0.9873974323272705,0.03619738668203354,0.6318359375,2.067018747329712
425,0.9869785308837891,0.035653840750455856,0.6294642686843872,2.0385537147521973
426,0.9871181845664978,0.037210863083601,0.6364397406578064,2.043551206588745
427,0.9883050918579102,0.036222681403160095,0.6318359375,1.9942550659179688
428,0.9864199757575989,0.03833729773759842,0.6342076063156128,2.1138854026794434
429,0.9870134592056274,0.0373833030462265,0.6303013563156128,2.0124142169952393
430,0.9882003664970398,0.03581131622195244,0.6314173936843872,2.0380802154541016
431,0.9871530532836914,0.036821309477090836,0.6358817219734192,2.0578761100769043
432,0.9881654977798462,0.03480428084731102,0.630859375,2.0735960006713867
433,0.9879211187362671,0.034276336431503296,0.6328125,2.0016536712646484
434,0.9867690801620483,0.03738462179899216,0.6340680718421936,2.083186388015747
435,0.9877814650535583,0.036989033222198486,0.6371372938156128,2.0574190616607666
436,0.9870134592056274,0.034116536378860474,0.6368582844734192,2.0713698863983154
437,0.9879559874534607,0.036430831998586655,0.6339285969734192,2.032453775405884
438,0.9883400201797485,0.03193783760070801,0.6329520344734192,2.1111128330230713
439,0.9866294264793396,0.03618345037102699,0.6322544813156128,2.0498526096343994
440,0.987676739692688,0.03437114134430885,0.6316964030265808,2.054725170135498
441,0.9865596294403076,0.03652288392186165,0.6316964030265808,1.9653366804122925
442,0.9882352948188782,0.03443794324994087,0.6304408311843872,2.0821871757507324
443,0.9870134592056274,0.03583754226565361,0.630859375,2.0906670093536377
444,0.9876418113708496,0.03447187319397926,0.6303013563156128,2.030527353286743
445,0.9872927069664001,0.03553997725248337,0.6284877061843872,2.0985963344573975
446,0.9880607724189758,0.03447327762842178,0.6349051594734192,2.1007091999053955
447,0.987048327922821,0.035994816571474075,0.6333705186843872,2.020542860031128
448,0.9866992235183716,0.03814657777547836,0.6356026530265808,2.0736277103424072
449,0.9879211187362671,0.0343346931040287,0.6333705186843872,2.0455708503723145
450,0.9875370860099792,0.035004667937755585,0.6330915093421936,2.155045509338379
451,0.9879559874534607,0.03515313193202019,0.6393694281578064,2.039320707321167
452,0.9874323606491089,0.03593827039003372,0.6328125,2.0163493156433105
453,0.9871530532836914,0.03717374429106712,0.63671875,2.154250383377075
454,0.9879909157752991,0.03630918264389038,0.6350446343421936,2.061408281326294
455,0.9865944981575012,0.03736049681901932,0.6375557780265808,2.0193488597869873
456,0.987676739692688,0.035883981734514236,0.6350446343421936,2.07804799079895
457,0.9883400201797485,0.033996839076280594,0.6325334906578064,2.010690450668335
458,0.9887240529060364,0.03264953941106796,0.6326729655265808,2.090564250946045
459,0.9871530532836914,0.037151992321014404,0.6333705186843872,2.0699098110198975
460,0.98774653673172,0.03406406566500664,0.6301618218421936,2.0555689334869385
461,0.9877814650535583,0.03517119586467743,0.6337890625,2.057089328765869
462,0.9882003664970398,0.03340476006269455,0.6343470811843872,2.044516086578369
463,0.9877814650535583,0.033967528492212296,0.6322544813156128,2.090127468109131
464,0.9881305694580078,0.03339401260018349,0.6282086968421936,2.1253907680511475
465,0.9879909157752991,0.032840795814991,0.6339285969734192,2.1156017780303955
466,0.9884796738624573,0.03368831425905228,0.6332310438156128,2.1339876651763916
467,0.9881305694580078,0.03329697623848915,0.6346260905265808,2.05668306350708
468,0.9879909157752991,0.03503727540373802,0.6329520344734192,2.021911382675171
469,0.9874323606491089,0.034805454313755035,0.6326729655265808,2.050602912902832
470,0.9883400201797485,0.032193414866924286,0.6333705186843872,2.082886219024658
471,0.9882352948188782,0.034360744059085846,0.6284877061843872,2.1591877937316895
472,0.9871879816055298,0.03623032942414284,0.6305803656578064,2.1097075939178467
473,0.9890731573104858,0.032495301216840744,0.6294642686843872,2.074347496032715
474,0.987676739692688,0.03479248657822609,0.6325334906578064,2.080857753753662
475,0.9865596294403076,0.03742147609591484,0.6319754719734192,1.9824587106704712
476,0.9881305694580078,0.033597152680158615,0.6363002061843872,2.0597634315490723
477,0.9879909157752991,0.03420348837971687,0.6335100531578064,1.9903230667114258
478,0.9884447455406189,0.033189404755830765,0.6336495280265808,2.107579231262207
479,0.9879559874534607,0.03432576358318329,0.634765625,2.078672409057617
480,0.9879909157752991,0.0329861082136631,0.6339285969734192,2.088186502456665
481,0.9888287782669067,0.03229798749089241,0.6330915093421936,2.0687978267669678
482,0.9873974323272705,0.036774229258298874,0.6322544813156128,2.1224491596221924
483,0.9883749485015869,0.032391082495450974,0.6337890625,2.1357104778289795
484,0.9878512620925903,0.03348530828952789,0.6318359375,2.097752332687378
485,0.9892476797103882,0.031955327838659286,0.6336495280265808,2.1241629123687744
486,0.9883050918579102,0.03294175863265991,0.6332310438156128,2.1225669384002686
487,0.9877116680145264,0.035794276744127274,0.6273716688156128,2.0782082080841064
488,0.9888985753059387,0.032966818660497665,0.630859375,2.1061465740203857
489,0.9887938499450684,0.03154737129807472,0.6307198405265808,2.129366159439087
490,0.988689124584198,0.03236069530248642,0.6303013563156128,2.130014419555664
491,0.9871530532836914,0.035980720072984695,0.6375557780265808,2.151292085647583
492,0.9882003664970398,0.03316383808851242,0.6336495280265808,2.054523229598999
493,0.9885146021842957,0.03237243369221687,0.6330915093421936,2.0733730792999268
494,0.9873276352882385,0.03453676775097847,0.6325334906578064,2.1121585369110107
495,0.9889335036277771,0.03219722583889961,0.6335100531578064,2.1627235412597656
496,0.9894222617149353,0.03033948503434658,0.6321149468421936,2.1302669048309326
497,0.9884098172187805,0.03380994498729706,0.6323939561843872,2.1448752880096436
498,0.9882702231407166,0.03338230773806572,0.6343470811843872,2.06669545173645
499,0.98673415184021,0.03658861294388771,0.6365792155265808,2.114994764328003
