epoch,accuracy,loss,val_accuracy,val_loss
0,0.2587886154651642,1.8032865524291992,0.3292410671710968,1.7127835750579834
1,0.36145925521850586,1.6394068002700806,0.4058314859867096,1.5617759227752686
2,0.4069122076034546,1.5415422916412354,0.4381975531578064,1.4862133264541626
3,0.4377727210521698,1.4704171419143677,0.4714006781578064,1.4055792093276978
4,0.46308255195617676,1.405753254890442,0.478515625,1.3641184568405151
5,0.48420318961143494,1.3528636693954468,0.4981863796710968,1.3183201551437378
6,0.5041717290878296,1.3058288097381592,0.513671875,1.2812381982803345
7,0.5205445885658264,1.2662795782089233,0.5274832844734192,1.2465208768844604
8,0.5352417230606079,1.2278844118118286,0.5358538031578064,1.222793459892273
9,0.5503578186035156,1.1937944889068604,0.5421317219734192,1.1984795331954956
10,0.5619828701019287,1.1642957925796509,0.5509207844734192,1.1763670444488525
11,0.5745156407356262,1.1378675699234009,0.5556640625,1.1683052778244019
12,0.5809390544891357,1.1163272857666016,0.5623604655265808,1.1495243310928345
13,0.5941700339317322,1.0826293230056763,0.5712890625,1.133414387702942
14,0.6030371785163879,1.0625005960464478,0.5782645344734192,1.1197290420532227
15,0.6141386032104492,1.040589451789856,0.5834263563156128,1.1139971017837524
16,0.6207016706466675,1.0181480646133423,0.5871930718421936,1.101280927658081
17,0.6291150450706482,0.996939480304718,0.5860770344734192,1.1033867597579956
18,0.63986736536026,0.9745535254478455,0.5916573405265808,1.1002528667449951
19,0.6456624269485474,0.9533575773239136,0.5972377061843872,1.081495761871338
20,0.6543550491333008,0.9318646788597107,0.5983538031578064,1.082841157913208
21,0.6646884083747864,0.9071882367134094,0.6043526530265808,1.0719834566116333
22,0.6779891848564148,0.8830206394195557,0.6021205186843872,1.0716551542282104
23,0.6843428015708923,0.8583168983459473,0.6071428656578064,1.0685532093048096
24,0.6934194564819336,0.8359847068786621,0.6077008843421936,1.0713157653808594
25,0.703194260597229,0.8129326105117798,0.611328125,1.0549099445343018
26,0.709443211555481,0.7920353412628174,0.6141182780265808,1.0758702754974365
27,0.7150986194610596,0.7740596532821655,0.6127232313156128,1.0687304735183716
28,0.7264444231987,0.7430195212364197,0.6111885905265808,1.0795588493347168
29,0.7324838638305664,0.7321082353591919,0.6164899468421936,1.0677111148834229
30,0.7429918050765991,0.7056435942649841,0.6079798936843872,1.0753514766693115
31,0.7491708993911743,0.684831440448761,0.6159319281578064,1.0861704349517822
32,0.7591202855110168,0.66446852684021,0.6178850531578064,1.0681482553482056
33,0.7649851441383362,0.6490901708602905,0.6188616156578064,1.0894949436187744
34,0.773014485836029,0.622694730758667,0.6190010905265808,1.083786129951477
35,0.7810088992118835,0.6056003570556641,0.6216517686843872,1.0937861204147339
36,0.7901553511619568,0.5868194699287415,0.6183035969734192,1.1050446033477783
37,0.7919008731842041,0.5681553483009338,0.6190010905265808,1.1093248128890991
38,0.8013615012168884,0.546635627746582,0.6196986436843872,1.1252366304397583
39,0.8055506944656372,0.5348676443099976,0.6160714030265808,1.117150068283081
40,0.8147670030593872,0.510749101638794,0.6216517686843872,1.1307328939437866
41,0.821609377861023,0.4988345205783844,0.6223493218421936,1.1318058967590332
42,0.8258334994316101,0.4795687198638916,0.6167689561843872,1.1484935283660889
43,0.8317332863807678,0.46487152576446533,0.625,1.1436632871627808
44,0.8429394364356995,0.44271108508110046,0.6251395344734192,1.173583745956421
45,0.848210871219635,0.4304027855396271,0.6248604655265808,1.1908396482467651
46,0.850165843963623,0.41952842473983765,0.6234654188156128,1.1621900796890259
47,0.8500261902809143,0.4121507406234741,0.6255580186843872,1.1830050945281982
48,0.8579856753349304,0.3959953486919403,0.6243024468421936,1.210683822631836
49,0.8630476593971252,0.3888445794582367,0.6240234375,1.1752091646194458
50,0.8701693415641785,0.367488294839859,0.6283482313156128,1.201395034790039
51,0.8674463033676147,0.3644278347492218,0.6248604655265808,1.194643259048462
52,0.8757200241088867,0.3459235429763794,0.6231864094734192,1.226474642753601
53,0.8787921071052551,0.3417043089866638,0.6219307780265808,1.2605115175247192
54,0.8858439326286316,0.3244757652282715,0.6343470811843872,1.2315646409988403
55,0.8844126462936401,0.31911492347717285,0.6263951063156128,1.2428703308105469
56,0.888846218585968,0.314435750246048,0.6284877061843872,1.251430869102478
57,0.8910804390907288,0.3063218295574188,0.6275111436843872,1.2620388269424438
58,0.8938732743263245,0.29475197196006775,0.6243024468421936,1.2908191680908203
59,0.8983767032623291,0.28456181287765503,0.6256975531578064,1.3265330791473389
60,0.8995287418365479,0.28389570116996765,0.6303013563156128,1.303098440170288
61,0.9027404189109802,0.27289527654647827,0.6273716688156128,1.3060473203659058
62,0.9042764902114868,0.2677529752254486,0.6290457844734192,1.3119887113571167
63,0.9062314629554749,0.26466137170791626,0.6290457844734192,1.318291425704956
64,0.9109094142913818,0.2521370053291321,0.6237444281578064,1.3195736408233643
65,0.9112235903739929,0.2513459622859955,0.6304408311843872,1.3171911239624023
66,0.9140512943267822,0.24312417209148407,0.6290457844734192,1.3451896905899048
67,0.9149240851402283,0.24090184271335602,0.6291852593421936,1.3178777694702148
68,0.9154826402664185,0.23973630368709564,0.6243024468421936,1.3299723863601685
69,0.9203002452850342,0.22717131674289703,0.6255580186843872,1.3867698907852173
70,0.9203700423240662,0.22539013624191284,0.6294642686843872,1.404112458229065
71,0.9242450594902039,0.21390141546726227,0.6268135905265808,1.4000149965286255
72,0.9237563014030457,0.21282173693180084,0.6307198405265808,1.3803547620773315
73,0.9236865043640137,0.214747816324234,0.6305803656578064,1.3789528608322144
74,0.923791229724884,0.20948132872581482,0.6282086968421936,1.3911291360855103
75,0.9291673898696899,0.20306648313999176,0.6282086968421936,1.3986473083496094
76,0.9281899333000183,0.2023210972547531,0.6305803656578064,1.4255708456039429
77,0.9309477806091309,0.198468416929245,0.6304408311843872,1.3988558053970337
78,0.9320300221443176,0.19405466318130493,0.626953125,1.4264675378799438
79,0.9332867860794067,0.19143973290920258,0.6284877061843872,1.405945897102356
80,0.9355210065841675,0.18724170327186584,0.6330915093421936,1.4237667322158813
81,0.9346133470535278,0.18230266869068146,0.6363002061843872,1.4604285955429077
82,0.9378949403762817,0.179957777261734,0.6340680718421936,1.431700587272644
83,0.9401291608810425,0.17345190048217773,0.6330915093421936,1.4772363901138306
84,0.939710259437561,0.17475779354572296,0.6254185438156128,1.4504451751708984
85,0.9373014569282532,0.17491048574447632,0.6301618218421936,1.4303462505340576
86,0.9419444799423218,0.16827739775180817,0.6304408311843872,1.4898463487625122
87,0.9426077604293823,0.1671934276819229,0.6268135905265808,1.4961367845535278
88,0.9419444799423218,0.16435489058494568,0.6286272406578064,1.4805431365966797
89,0.9449816942214966,0.15724830329418182,0.6262555718421936,1.5110148191452026
90,0.9447373151779175,0.15944363176822662,0.6311383843421936,1.506927251815796
91,0.9430615901947021,0.16111041605472565,0.6309989094734192,1.4650017023086548
92,0.947111189365387,0.15300814807415009,0.6273716688156128,1.4892574548721313
93,0.9478791952133179,0.14945490658283234,0.6303013563156128,1.5238016843795776
94,0.9487868547439575,0.14967165887355804,0.6307198405265808,1.4752600193023682
95,0.9501134753227234,0.14560508728027344,0.6318359375,1.568211555480957
96,0.9484726786613464,0.14682292938232422,0.6284877061843872,1.5151031017303467
97,0.9491708874702454,0.1422697752714157,0.630859375,1.533385157585144
98,0.9500436186790466,0.14241772890090942,0.6303013563156128,1.5400620698928833
99,0.9529761075973511,0.1366972178220749,0.6305803656578064,1.5388948917388916
100,0.9495549201965332,0.14431244134902954,0.6279296875,1.5983141660690308
101,0.9515796899795532,0.1384574919939041,0.6284877061843872,1.5618751049041748
102,0.9539535641670227,0.13093875348567963,0.6272321343421936,1.5699697732925415
103,0.9550358057022095,0.12945768237113953,0.6282086968421936,1.5679410696029663
104,0.9540233612060547,0.13237163424491882,0.6316964030265808,1.6004692316055298
105,0.9549310803413391,0.13089613616466522,0.6286272406578064,1.600314974784851
106,0.9554547071456909,0.1260899156332016,0.6241629719734192,1.617089867591858
107,0.9551753997802734,0.13079525530338287,0.6296038031578064,1.5917930603027344
108,0.9573747515678406,0.12385207414627075,0.6268135905265808,1.6166887283325195
109,0.9566765427589417,0.12250672280788422,0.6245814561843872,1.6314998865127563
110,0.9560481905937195,0.1273016780614853,0.6293247938156128,1.574954628944397
111,0.9573747515678406,0.12332385778427124,0.6305803656578064,1.6012519598007202
112,0.9610053896903992,0.11875803023576736,0.6268135905265808,1.5807973146438599
113,0.9592599272727966,0.11806181818246841,0.6282086968421936,1.5898150205612183
114,0.9588758945465088,0.12139282375574112,0.6296038031578064,1.6188633441925049
115,0.959504246711731,0.11864013969898224,0.6279296875,1.6095529794692993
116,0.9609355926513672,0.11488352715969086,0.6272321343421936,1.6273959875106812
117,0.9604119658470154,0.11659985780715942,0.6277901530265808,1.650898814201355
118,0.9605166912078857,0.11143310368061066,0.62890625,1.6050299406051636
119,0.9603421092033386,0.11495989561080933,0.6303013563156128,1.5844957828521729
120,0.9607959389686584,0.11331187188625336,0.6321149468421936,1.6121309995651245
121,0.9627858400344849,0.1076589897274971,0.6314173936843872,1.6217325925827026
122,0.9612846970558167,0.11025985330343246,0.6261160969734192,1.607778787612915
123,0.9629254937171936,0.11018190532922745,0.6270926594734192,1.6565123796463013
124,0.9627858400344849,0.10716807097196579,0.6298828125,1.657323956489563
125,0.9626112580299377,0.1080414280295372,0.626953125,1.6540367603302002
126,0.9641473293304443,0.10550789535045624,0.6275111436843872,1.662251591682434
127,0.965054988861084,0.10091528296470642,0.6272321343421936,1.677242636680603
128,0.9669750332832336,0.09813160449266434,0.6258370280265808,1.7122604846954346
129,0.9640774726867676,0.10132374614477158,0.6286272406578064,1.6500184535980225
130,0.9646011590957642,0.10021708160638809,0.6263951063156128,1.6664764881134033
131,0.9656833410263062,0.09883978217840195,0.6286272406578064,1.6943756341934204
132,0.9657880663871765,0.09814803302288055,0.6293247938156128,1.6838427782058716
133,0.9649153351783752,0.10094991326332092,0.6312779188156128,1.6396430730819702
134,0.9661720991134644,0.09790553897619247,0.6330915093421936,1.6520572900772095
135,0.9665910005569458,0.09845924377441406,0.6316964030265808,1.6984754800796509
136,0.9692791104316711,0.09160703420639038,0.6280692219734192,1.7102527618408203
137,0.965054988861084,0.10039781779050827,0.6262555718421936,1.7099350690841675
138,0.9674637913703918,0.09532496333122253,0.6340680718421936,1.7137378454208374
139,0.9685459733009338,0.09415838122367859,0.6283482313156128,1.717647910118103
140,0.9697678685188293,0.08933499455451965,0.6270926594734192,1.7104471921920776
141,0.9677430391311646,0.09408176690340042,0.6280692219734192,1.698627233505249
142,0.9671146869659424,0.09568270295858383,0.6300223469734192,1.7187769412994385
143,0.9685809016227722,0.09422850608825684,0.6298828125,1.7513682842254639
144,0.969034731388092,0.09059944748878479,0.6275111436843872,1.7396457195281982
145,0.9682667255401611,0.09372822940349579,0.6293247938156128,1.786521553993225
146,0.9703962206840515,0.08713216334581375,0.6282086968421936,1.7726526260375977
147,0.9692441821098328,0.08982386440038681,0.6312779188156128,1.739625334739685
148,0.9692441821098328,0.08999907970428467,0.6245814561843872,1.7522085905075073
149,0.9718275666236877,0.08573426306247711,0.6287667155265808,1.7580236196517944
150,0.9689649343490601,0.08692453801631927,0.6315569281578064,1.7878438234329224
151,0.9683714509010315,0.09106793254613876,0.6291852593421936,1.7371653318405151
152,0.969104528427124,0.08788269013166428,0.6315569281578064,1.817362666130066
153,0.9674637913703918,0.0937318354845047,0.6296038031578064,1.780253291130066
154,0.9704660773277283,0.08547002077102661,0.6283482313156128,1.7818641662597656
155,0.9717228412628174,0.08048869669437408,0.6332310438156128,1.7667309045791626
156,0.9709897041320801,0.0855838730931282,0.6272321343421936,1.7953965663909912
157,0.9713388085365295,0.08708427846431732,0.6301618218421936,1.769626498222351
158,0.9709199070930481,0.08600714057683945,0.6258370280265808,1.744763970375061
159,0.9715831875801086,0.08150172978639603,0.6303013563156128,1.7460511922836304
160,0.9731191992759705,0.07930614799261093,0.6300223469734192,1.7987391948699951
161,0.9715831875801086,0.08315643668174744,0.630859375,1.8186209201812744
162,0.9708849787712097,0.08246307820081711,0.6305803656578064,1.7652952671051025
163,0.969802737236023,0.08521229773759842,0.6284877061843872,1.7830417156219482
164,0.970675528049469,0.08342999219894409,0.6273716688156128,1.7364760637283325
165,0.9737825393676758,0.0790795162320137,0.6280692219734192,1.7698737382888794
166,0.9720718860626221,0.08107784390449524,0.6296038031578064,1.7735356092453003
167,0.9730144739151001,0.07956721633672714,0.6342076063156128,1.7813787460327148
168,0.9720020890235901,0.0808977484703064,0.62890625,1.8236759901046753
169,0.9731890559196472,0.07870033383369446,0.6305803656578064,1.809670329093933
170,0.9735032320022583,0.07788466662168503,0.6284877061843872,1.811829924583435
171,0.9739570617675781,0.0733654797077179,0.6325334906578064,1.8650496006011963
172,0.9714784622192383,0.08308731764554977,0.6280692219734192,1.801299810409546
173,0.9732588529586792,0.07938192784786224,0.6265345811843872,1.7809183597564697
174,0.9731191992759705,0.08021475374698639,0.6315569281578064,1.7940025329589844
175,0.9720370173454285,0.0812230259180069,0.6233258843421936,1.751874566078186
176,0.9748996496200562,0.07426036149263382,0.6283482313156128,1.7885431051254272
177,0.9741315841674805,0.07582121342420578,0.6248604655265808,1.8032814264297485
178,0.9736079573631287,0.0742177665233612,0.625,1.76107919216156
179,0.973712682723999,0.07662757486104965,0.6284877061843872,1.8075398206710815
180,0.9771338701248169,0.06900334358215332,0.6291852593421936,1.8957561254501343
181,0.9750393033027649,0.07127484679222107,0.6266741156578064,1.88193678855896
182,0.9746203422546387,0.07283125072717667,0.6280692219734192,1.8104438781738281
183,0.9740268588066101,0.07694106549024582,0.6311383843421936,1.854727864265442
184,0.9736079573631287,0.07765159755945206,0.6284877061843872,1.840111494064331
185,0.9758073091506958,0.07312340289354324,0.6339285969734192,1.8011418581008911
186,0.9737476110458374,0.07361940294504166,0.630859375,1.8130525350570679
187,0.9748647212982178,0.07224899530410767,0.6265345811843872,1.8659659624099731
188,0.975737452507019,0.07075472176074982,0.6268135905265808,1.8667188882827759
189,0.9754582047462463,0.07219734787940979,0.626953125,1.8389836549758911
190,0.9741315841674805,0.07345904409885406,0.6304408311843872,1.8133479356765747
191,0.977448046207428,0.0673329159617424,0.6262555718421936,1.8835136890411377
192,0.9765753149986267,0.06747332960367203,0.6284877061843872,1.8985859155654907
193,0.9752138257026672,0.07275685667991638,0.6254185438156128,1.8602306842803955
194,0.9773433208465576,0.06517872214317322,0.6259765625,1.864715576171875
195,0.9765403866767883,0.06881952285766602,0.62890625,1.8377279043197632
196,0.9766451120376587,0.06640423834323883,0.6294642686843872,1.8609789609909058
197,0.9775528311729431,0.0656166672706604,0.6280692219734192,1.8286548852920532
198,0.9767149686813354,0.07130169868469238,0.6280692219734192,1.7988282442092896
199,0.9745505452156067,0.07586747407913208,0.6272321343421936,1.858577013015747
200,0.9762611389160156,0.06936043500900269,0.6276506781578064,1.7969868183135986
201,0.9761214852333069,0.07028026878833771,0.6268135905265808,1.8527294397354126
202,0.9775876998901367,0.06522203236818314,0.6287667155265808,1.8751423358917236
203,0.9780066609382629,0.06540379673242569,0.6277901530265808,1.906937599182129
204,0.9761214852333069,0.06805644184350967,0.6240234375,1.801491618156433
205,0.9769593477249146,0.06739870458841324,0.6337890625,1.8494536876678467
206,0.9784255623817444,0.061464983969926834,0.62890625,1.8905314207077026
207,0.9770640730857849,0.06557784974575043,0.6300223469734192,1.8586347103118896
208,0.9791586399078369,0.060800839215517044,0.6314173936843872,1.9209145307540894
209,0.9784953594207764,0.06277327984571457,0.6304408311843872,1.9158270359039307
210,0.9779018759727478,0.06604434549808502,0.6270926594734192,1.908955693244934
211,0.9775179028511047,0.06644577533006668,0.6229073405265808,1.8757779598236084
212,0.9777971506118774,0.06325134634971619,0.6255580186843872,1.8801649808883667
213,0.9785302877426147,0.06579891592264175,0.6265345811843872,1.8485043048858643
214,0.9781113862991333,0.0624503456056118,0.6238839030265808,1.8446462154388428
215,0.9784255623817444,0.062461115419864655,0.6291852593421936,1.89987051486969
216,0.9776226282119751,0.06346260756254196,0.6305803656578064,1.881691575050354
217,0.9766451120376587,0.065846748650074,0.6307198405265808,1.8425027132034302
218,0.9784255623817444,0.06565994769334793,0.6312779188156128,1.8693726062774658
219,0.9778670072555542,0.06375491619110107,0.6279296875,1.8707207441329956
220,0.9789841175079346,0.06016431748867035,0.6248604655265808,1.954235315322876
221,0.9784255623817444,0.06230117753148079,0.6241629719734192,1.8704032897949219
222,0.979403018951416,0.060199201107025146,0.6188616156578064,1.9411996603012085
223,0.9796473979949951,0.05940336361527443,0.6252790093421936,1.914739727973938
224,0.9784255623817444,0.06149028241634369,0.6265345811843872,1.9137917757034302
225,0.9794379472732544,0.06011087819933891,0.62890625,1.8869383335113525
226,0.9795776009559631,0.05900895223021507,0.6284877061843872,1.9152776002883911
227,0.9795077443122864,0.06171124801039696,0.6266741156578064,1.9188611507415771
228,0.9785302877426147,0.06168390065431595,0.6287667155265808,1.8915584087371826
229,0.9799267053604126,0.05801599845290184,0.6279296875,1.8979583978652954
230,0.9804852604866028,0.057226572185754776,0.6256975531578064,1.9001587629318237
231,0.9792982935905457,0.059151943773031235,0.6233258843421936,1.919158935546875
232,0.9794728755950928,0.0566084124147892,0.6243024468421936,1.9349981546401978
233,0.9799615740776062,0.05737565457820892,0.6284877061843872,1.9358528852462769
234,0.9786000847816467,0.06091178581118584,0.6280692219734192,1.8675178289413452
235,0.9806249141693115,0.05792064219713211,0.6319754719734192,1.8692368268966675
236,0.9789491891860962,0.058602504432201385,0.6332310438156128,1.920448660850525
237,0.9798568487167358,0.05729209631681442,0.6307198405265808,1.9005911350250244
238,0.9804852604866028,0.05572912096977234,0.6315569281578064,1.9115371704101562
239,0.9802408814430237,0.056099120527505875,0.6337890625,1.9238433837890625
240,0.980345606803894,0.057637933641672134,0.6304408311843872,1.9550622701644897
241,0.9796124696731567,0.05960492417216301,0.626953125,1.9005200862884521
242,0.9799267053604126,0.058429036289453506,0.6319754719734192,1.9004801511764526
243,0.9807994365692139,0.05945947393774986,0.6270926594734192,1.8886951208114624
244,0.9804503321647644,0.05524887517094612,0.6311383843421936,1.8701683282852173
245,0.9812532663345337,0.05505191162228584,0.6319754719734192,1.8628093004226685
246,0.9820212721824646,0.05204707756638527,0.6312779188156128,1.9793611764907837
247,0.9806947112083435,0.05485497787594795,0.6339285969734192,1.908837080001831
248,0.980974018573761,0.05442345142364502,0.6291852593421936,2.0091378688812256
249,0.9798219799995422,0.05815507844090462,0.6304408311843872,1.8189122676849365
250,0.9798568487167358,0.05681607872247696,0.6294642686843872,1.9162858724594116
251,0.9797870516777039,0.05925162509083748,0.6277901530265808,1.8736790418624878
252,0.9813929200172424,0.05255533754825592,0.6277901530265808,1.948445200920105
253,0.9818467497825623,0.05247048661112785,0.6309989094734192,1.8938616514205933
254,0.9814278483390808,0.05404447391629219,0.6293247938156128,1.902395486831665
255,0.9818467497825623,0.05280489847064018,0.6279296875,1.9193841218948364
256,0.982125997543335,0.054437071084976196,0.6279296875,1.9485374689102173
257,0.9823355078697205,0.051558636128902435,0.6337890625,1.9360201358795166
258,0.9812881946563721,0.052827686071395874,0.6322544813156128,2.0023086071014404
259,0.9802758097648621,0.05532456561923027,0.6315569281578064,1.9480441808700562
260,0.9816372990608215,0.05177729204297066,0.6300223469734192,1.885940670967102
261,0.9825798273086548,0.04999532923102379,0.630859375,2.0164079666137695
262,0.9817420244216919,0.05460728332400322,0.6318359375,1.9049392938613892
263,0.9808524250984192,0.05597175285220146,0.6304408311843872,1.8700591325759888
264,0.9812183380126953,0.055241361260414124,0.6312779188156128,1.9817359447479248
265,0.9805201888084412,0.055160168558359146,0.6340680718421936,2.0420145988464355
266,0.9816721677780151,0.05361387878656387,0.6351841688156128,1.9044939279556274
267,0.981986403465271,0.05445146933197975,0.6321149468421936,1.9364851713180542
268,0.9813929200172424,0.0570913627743721,0.6319754719734192,1.8885325193405151
269,0.9836620688438416,0.05026336759328842,0.6315569281578064,1.9063308238983154
270,0.9818118214607239,0.053739842027425766,0.6301618218421936,1.9179388284683228
271,0.9825449585914612,0.05046527087688446,0.6343470811843872,1.963579535484314
272,0.9817769527435303,0.05326863005757332,0.6326729655265808,1.9275600910186768
273,0.9836620688438416,0.049501899629831314,0.6301618218421936,1.9581220149993896
274,0.9835573434829712,0.04868192598223686,0.6322544813156128,1.9157559871673584
275,0.9832082390785217,0.048757243901491165,0.6311383843421936,1.9576852321624756
276,0.9822307825088501,0.05080943554639816,0.6305803656578064,1.9698926210403442
277,0.9822656512260437,0.05070176720619202,0.6307198405265808,1.8816908597946167
278,0.9822656512260437,0.05074186250567436,0.6343470811843872,2.0511956214904785
279,0.9823355078697205,0.050327472388744354,0.6314173936843872,1.9570505619049072
280,0.9842555522918701,0.04743922874331474,0.6304408311843872,2.009324789047241
281,0.9823005795478821,0.05194404348731041,0.6318359375,1.9806954860687256
282,0.9820212721824646,0.05281522497534752,0.6353236436843872,1.9730533361434937
283,0.9812532663345337,0.05323503911495209,0.6298828125,1.9036827087402344
284,0.9833827614784241,0.05075063928961754,0.634765625,2.0082249641418457
285,0.9824402332305908,0.05069824308156967,0.6337890625,2.046980381011963
286,0.9831384420394897,0.048645149916410446,0.6297432780265808,1.9518686532974243
287,0.9833827614784241,0.04970254376530647,0.6364397406578064,1.937394380569458
288,0.9831733107566833,0.05275845527648926,0.6326729655265808,1.9412126541137695
289,0.9828940629959106,0.04808143898844719,0.6339285969734192,1.9873631000518799
290,0.9841158986091614,0.046943359076976776,0.6315569281578064,1.9911203384399414
291,0.9828242063522339,0.050857242196798325,0.6315569281578064,1.976214051246643
292,0.9833129644393921,0.046696797013282776,0.6318359375,1.974831461906433
293,0.9825100302696228,0.04932699725031853,0.6316964030265808,2.0049097537994385
294,0.9828940629959106,0.049725696444511414,0.6301618218421936,2.0232534408569336
295,0.982998788356781,0.04699680954217911,0.6316964030265808,2.0012569427490234
296,0.9838365912437439,0.04707321524620056,0.6325334906578064,2.0020668506622314
297,0.9833478927612305,0.04762975126504898,0.6330915093421936,2.0378849506378174
298,0.9836969971656799,0.04767812415957451,0.6318359375,1.8855983018875122
299,0.9827893376350403,0.04991684481501579,0.6326729655265808,2.006920099258423
300,0.9830337166786194,0.0488777719438076,0.6276506781578064,2.011202812194824
301,0.9821609258651733,0.05093154311180115,0.6304408311843872,1.9865038394927979
302,0.983941376209259,0.045144155621528625,0.6294642686843872,2.016000509262085
303,0.9833129644393921,0.04810163378715515,0.6297432780265808,1.9803178310394287
304,0.9840461015701294,0.045308444648981094,0.6283482313156128,1.9349087476730347
305,0.9831384420394897,0.04897104948759079,0.6316964030265808,1.9225376844406128
306,0.9848141074180603,0.046533677726984024,0.6335100531578064,2.019155263900757
307,0.9833129644393921,0.049110159277915955,0.6357421875,1.9727939367294312
308,0.9835573434829712,0.046438202261924744,0.6336495280265808,2.0046238899230957
309,0.9833129644393921,0.045918866991996765,0.6346260905265808,2.022592544555664
310,0.9843952059745789,0.04440712928771973,0.6339285969734192,2.0508902072906494
311,0.9842206239700317,0.0461823046207428,0.6314173936843872,1.98959481716156
312,0.9831035137176514,0.04873986914753914,0.6354631781578064,1.95403254032135
313,0.9843952059745789,0.04551016539335251,0.6336495280265808,1.9931429624557495
314,0.9848839044570923,0.043910663574934006,0.6328125,1.9920523166656494
315,0.9842206239700317,0.04569456726312637,0.6312779188156128,2.027676820755005
316,0.9855472445487976,0.04240668937563896,0.6290457844734192,2.0351269245147705
317,0.9839762449264526,0.044443387538194656,0.6321149468421936,2.0389351844787598
318,0.9846744537353516,0.04445387423038483,0.6325334906578064,2.0184788703918457
319,0.9843952059745789,0.04511367529630661,0.6330915093421936,2.0383036136627197
320,0.9846395254135132,0.044934771955013275,0.6301618218421936,2.0127999782562256
321,0.9839762449264526,0.04726211354136467,0.6349051594734192,2.0239415168762207
322,0.9844300746917725,0.04397544264793396,0.6330915093421936,2.029587507247925
323,0.9830337166786194,0.047514431178569794,0.6357421875,2.007754325866699
324,0.9847791790962219,0.04414287209510803,0.6311383843421936,1.9097545146942139
325,0.9841158986091614,0.04580491781234741,0.6307198405265808,2.066976547241211
326,0.9835224151611328,0.046869054436683655,0.6284877061843872,2.0618069171905518
327,0.9842904806137085,0.04603050276637077,0.6319754719734192,2.0121874809265137
328,0.9857915639877319,0.0400763675570488,0.6309989094734192,2.053588628768921
329,0.9851632118225098,0.04390441253781319,0.6293247938156128,2.017056941986084
330,0.9854075908660889,0.041871726512908936,0.6358817219734192,2.002577543258667
331,0.9853726625442505,0.0429718941450119,0.6296038031578064,2.0434374809265137
332,0.985093355178833,0.04335859417915344,0.6316964030265808,2.051258087158203
333,0.9852330088615417,0.043941669166088104,0.6325334906578064,2.0578246116638184
334,0.9849886298179626,0.043542858213186264,0.6349051594734192,2.062826633453369
335,0.9852679371833801,0.04319097846746445,0.6363002061843872,2.0619795322418213
336,0.9843952059745789,0.04505828395485878,0.6330915093421936,1.986631989479065
337,0.9832780361175537,0.047911401838064194,0.6297432780265808,1.991760015487671
338,0.9853028655052185,0.04202909767627716,0.6329520344734192,2.071744203567505
339,0.9843253493309021,0.044188689440488815,0.6298828125,1.98729407787323
340,0.9866992235183716,0.038724809885025024,0.6311383843421936,2.0407261848449707
341,0.9848839044570923,0.04339172691106796,0.6291852593421936,2.0434231758117676
342,0.9853028655052185,0.0435032993555069,0.6312779188156128,2.0522043704986572
343,0.9841856956481934,0.0451837033033371,0.6319754719734192,2.02109694480896
344,0.9846046566963196,0.04578929394483566,0.6304408311843872,2.0361108779907227
345,0.9861406683921814,0.038995977491140366,0.6301618218421936,2.101259231567383
346,0.9843602776527405,0.043897680938243866,0.6353236436843872,2.053929567337036
347,0.9843602776527405,0.04466903954744339,0.6340680718421936,2.0396995544433594
348,0.9855821132659912,0.04126337915658951,0.6353236436843872,2.039517402648926
349,0.9858614206314087,0.03988473117351532,0.6330915093421936,2.030850887298584
350,0.9863850474357605,0.039209555834531784,0.6368582844734192,2.098745822906494
351,0.9849886298179626,0.041587311774492264,0.6346260905265808,2.055773973464966
352,0.9852679371833801,0.04249191656708717,0.6309989094734192,2.044980525970459
353,0.9855821132659912,0.04237538203597069,0.6333705186843872,2.053429126739502
354,0.984953761100769,0.04088318720459938,0.6307198405265808,2.0660486221313477
355,0.9854424595832825,0.04219535365700722,0.6283482313156128,2.0483548641204834
356,0.9856170415878296,0.04139886423945427,0.6309989094734192,2.054825782775879
357,0.985651969909668,0.0406845360994339,0.6323939561843872,2.11844801902771
358,0.9858264923095703,0.04270154610276222,0.6328125,2.039016008377075
359,0.9865247011184692,0.0397016704082489,0.6291852593421936,2.1023521423339844
360,0.9847443103790283,0.04328888654708862,0.6314173936843872,2.0867960453033447
361,0.9863152503967285,0.04051323980093002,0.6291852593421936,1.9892197847366333
362,0.9855821132659912,0.04107625037431717,0.6294642686843872,2.051628828048706
363,0.9850584864616394,0.04176938533782959,0.6356026530265808,2.0406198501586914
364,0.9871530532836914,0.037212371826171875,0.62890625,2.085458993911743
365,0.9861755967140198,0.04144586622714996,0.6316964030265808,2.0575199127197266
366,0.9857915639877319,0.03973206877708435,0.6344866156578064,2.1264262199401855
367,0.9854773879051208,0.04203971102833748,0.6311383843421936,1.9847036600112915
368,0.9861406683921814,0.03885897994041443,0.6298828125,2.0502495765686035
369,0.9853726625442505,0.04230211302638054,0.6333705186843872,1.995307207107544
370,0.9857566952705383,0.039941009134054184,0.6328125,2.0169363021850586
371,0.987048327922821,0.03825795650482178,0.6323939561843872,2.006502389907837
372,0.9845348000526428,0.04506508260965347,0.6291852593421936,1.957062840461731
373,0.9865596294403076,0.0392298698425293,0.6301618218421936,2.047034978866577
374,0.9857915639877319,0.039861489087343216,0.6333705186843872,2.049184560775757
375,0.9857566952705383,0.03892160579562187,0.6330915093421936,2.128365993499756
376,0.9852679371833801,0.04122870787978172,0.6332310438156128,2.064803123474121
377,0.9854773879051208,0.039719484746456146,0.6307198405265808,1.9814462661743164
378,0.9867690801620483,0.037577465176582336,0.6323939561843872,2.0213735103607178
379,0.9857915639877319,0.04089304432272911,0.6296038031578064,1.9977139234542847
380,0.9853028655052185,0.040805283933877945,0.6363002061843872,2.098513126373291
381,0.9871530532836914,0.03750083968043327,0.6337890625,2.053565740585327
382,0.9858614206314087,0.040741823613643646,0.6323939561843872,2.1255695819854736
383,0.9855821132659912,0.04053890332579613,0.6322544813156128,2.0428640842437744
384,0.9871530532836914,0.038584139198064804,0.6369977593421936,2.0320019721984863
385,0.9871879816055298,0.03792101889848709,0.6349051594734192,2.088794231414795
386,0.9862105250358582,0.04062783345580101,0.6335100531578064,2.0324912071228027
387,0.9863850474357605,0.039055563509464264,0.630859375,2.102078676223755
388,0.9861755967140198,0.03816045820713043,0.6382533311843872,2.093029737472534
389,0.9879559874534607,0.03475838527083397,0.6402064561843872,2.12630295753479
390,0.9865596294403076,0.039189595729112625,0.63671875,2.070713520050049
391,0.9858614206314087,0.03835391625761986,0.6337890625,2.0898258686065674
392,0.9863501191139221,0.03784141317009926,0.6368582844734192,2.116440534591675
393,0.9858962893486023,0.03976106271147728,0.6358817219734192,2.1257383823394775
394,0.9873625636100769,0.03681662306189537,0.6326729655265808,2.1650497913360596
395,0.9865247011184692,0.03806261345744133,0.63671875,2.0674970149993896
396,0.9859312176704407,0.04027457535266876,0.6344866156578064,2.0557446479797363
397,0.9871530532836914,0.03691009059548378,0.6356026530265808,1.9892089366912842
398,0.9870832562446594,0.03829140588641167,0.630859375,2.099444627761841
399,0.9878163933753967,0.03528090566396713,0.6346260905265808,2.1362974643707275
400,0.9863501191139221,0.03937157988548279,0.6316964030265808,2.017174243927002
401,0.9865247011184692,0.03820483759045601,0.6350446343421936,1.9935119152069092
402,0.986035943031311,0.03938400000333786,0.6349051594734192,2.111754894256592
403,0.9865944981575012,0.03964050114154816,0.640625,2.0475690364837646
404,0.9881305694580078,0.034417297691106796,0.6343470811843872,2.0327446460723877
405,0.9868040084838867,0.03690818324685097,0.6337890625,2.0560102462768555
406,0.9861057996749878,0.04075314477086067,0.6436942219734192,2.0020079612731934
407,0.986664354801178,0.038196440786123276,0.6356026530265808,2.0888619422912598
408,0.9866294264793396,0.03993363678455353,0.6350446343421936,2.1101746559143066
409,0.9871530532836914,0.03673585131764412,0.6319754719734192,2.0174002647399902
410,0.9882352948188782,0.03437665104866028,0.6369977593421936,2.1142637729644775
411,0.9870832562446594,0.037308238446712494,0.6353236436843872,2.0554025173187256
412,0.986664354801178,0.0386313796043396,0.6389508843421936,1.9908736944198608
413,0.9861755967140198,0.039211954921483994,0.6365792155265808,2.118056535720825
414,0.9870134592056274,0.03850366175174713,0.640625,2.0548176765441895
415,0.9875021576881409,0.0342041552066803,0.6360211968421936,2.0686352252960205
416,0.9877814650535583,0.03574153780937195,0.6389508843421936,2.0773799419403076
417,0.9865247011184692,0.03794344514608383,0.6379743218421936,2.055215358734131
418,0.986664354801178,0.03886684775352478,0.6337890625,2.061729669570923
419,0.9870134592056274,0.03729720786213875,0.6336495280265808,2.013824224472046
420,0.9868738055229187,0.03715800866484642,0.6358817219734192,2.068976879119873
421,0.9864549040794373,0.038604289293289185,0.6319754719734192,2.0790627002716064
422,0.9872927069664001,0.035842571407556534,0.6333705186843872,2.0968527793884277
423,0.9881305694580078,0.035703327506780624,0.6356026530265808,2.125901699066162
424,0.9877116680145264,0.03505442291498184,0.6350446343421936,2.1339306831359863
425,0.9875021576881409,0.036888111382722855,0.638671875,2.0856616497039795
426,0.9872927069664001,0.03710970655083656,0.6339285969734192,2.1227481365203857
427,0.9875370860099792,0.03642784059047699,0.6297432780265808,2.075502634048462
428,0.9863501191139221,0.03910055011510849,0.6319754719734192,2.0112621784210205
429,0.9874672889709473,0.03876073658466339,0.6329520344734192,2.051393747329712
430,0.9876068830490112,0.03643681854009628,0.6325334906578064,2.0389106273651123
431,0.9882702231407166,0.0345669724047184,0.6354631781578064,2.126438617706299
432,0.9868738055229187,0.03801097348332405,0.6337890625,2.0495920181274414
433,0.9865596294403076,0.037230368703603745,0.6396484375,2.0058670043945312
434,0.9884098172187805,0.033902883529663086,0.6300223469734192,2.120220899581909
435,0.9876068830490112,0.03634423762559891,0.6372767686843872,2.0367543697357178
436,0.9883050918579102,0.03502067178487778,0.6385323405265808,2.078071117401123
437,0.9876418113708496,0.03599508851766586,0.6340680718421936,2.125725269317627
438,0.9885843992233276,0.032148126512765884,0.6322544813156128,2.122073173522949
439,0.9870134592056274,0.036294855177402496,0.6354631781578064,2.098175525665283
440,0.9873625636100769,0.035444531589746475,0.6351841688156128,2.1324410438537598
441,0.9870832562446594,0.037095654755830765,0.6342076063156128,2.1404175758361816
442,0.9877814650535583,0.03462521359324455,0.6354631781578064,2.117311716079712
443,0.9876418113708496,0.035350196063518524,0.6381138563156128,2.086759328842163
444,0.9859312176704407,0.038992542773485184,0.6325334906578064,2.106041431427002
445,0.9880258440971375,0.033698920160532,0.6333705186843872,2.151029348373413
446,0.9898411631584167,0.030299456790089607,0.6385323405265808,2.0663251876831055
447,0.9870134592056274,0.03623039275407791,0.6364397406578064,2.062023639678955
448,0.9873276352882385,0.03618437051773071,0.6353236436843872,2.0217645168304443
449,0.9873625636100769,0.03532004728913307,0.6365792155265808,2.0853872299194336
450,0.987676739692688,0.03632428124547005,0.6349051594734192,2.115478038787842
451,0.9893873333930969,0.03280285373330116,0.634765625,2.0772294998168945
452,0.988689124584198,0.034195978194475174,0.6375557780265808,2.1334376335144043
453,0.9872578382492065,0.03632275015115738,0.6321149468421936,2.08520245552063
454,0.9882702231407166,0.03419790044426918,0.6336495280265808,2.120342969894409
455,0.9880607724189758,0.03436196595430374,0.6353236436843872,2.1210711002349854
456,0.9878861904144287,0.03457409515976906,0.6350446343421936,2.1465389728546143
457,0.9872927069664001,0.035517968237400055,0.6376953125,2.1691713333129883
458,0.9883400201797485,0.034521978348493576,0.6322544813156128,2.1313135623931885
459,0.9890382289886475,0.03122897259891033,0.6333705186843872,2.1501450538635254
460,0.9884447455406189,0.034147635102272034,0.6339285969734192,2.156193494796753
461,0.9884796738624573,0.03365219384431839,0.6340680718421936,2.1397972106933594
462,0.98774653673172,0.03315288573503494,0.6321149468421936,2.14323091506958
463,0.9891778826713562,0.03227490186691284,0.6360211968421936,2.1584830284118652
464,0.9885843992233276,0.03278553858399391,0.6333705186843872,2.1615989208221436
465,0.9883050918579102,0.032844867557287216,0.6357421875,2.2231955528259277
466,0.988619327545166,0.03229176253080368,0.6344866156578064,2.0716042518615723
467,0.9887240529060364,0.03357049822807312,0.6361607313156128,2.1568477153778076
468,0.9891778826713562,0.029769906774163246,0.6326729655265808,2.1903011798858643
469,0.9868738055229187,0.03611639887094498,0.6379743218421936,2.1970572471618652
470,0.9875720143318176,0.0358133502304554,0.6336495280265808,2.1109280586242676
471,0.988689124584198,0.034198302775621414,0.6361607313156128,2.0775961875915527
472,0.9882352948188782,0.03340272977948189,0.6346260905265808,2.153362989425659
473,0.9875021576881409,0.035872265696525574,0.6315569281578064,2.151535749435425
474,0.9886541962623596,0.033058010041713715,0.6296038031578064,2.119879961013794
475,0.9884447455406189,0.033016834408044815,0.6371372938156128,2.1036083698272705
476,0.9885843992233276,0.031587496399879456,0.6375557780265808,2.172623872756958
477,0.9879559874534607,0.034406792372465134,0.6316964030265808,2.1873629093170166
478,0.9884098172187805,0.03365344926714897,0.6315569281578064,2.158828020095825
479,0.9875021576881409,0.03479873389005661,0.6351841688156128,2.127068519592285
480,0.9883400201797485,0.03288862109184265,0.6357421875,2.074721574783325
481,0.9885494709014893,0.03353390470147133,0.6325334906578064,2.13781476020813
482,0.9872927069664001,0.036596789956092834,0.6360211968421936,2.133085012435913
483,0.9892476797103882,0.030933700501918793,0.6326729655265808,2.2430598735809326
484,0.9883050918579102,0.033532604575157166,0.6354631781578064,2.1290738582611084
485,0.9874323606491089,0.03529420122504234,0.6357421875,2.1276190280914307
486,0.988689124584198,0.032587554305791855,0.6336495280265808,2.153099775314331
487,0.9887240529060364,0.031832508742809296,0.6372767686843872,2.0957558155059814
488,0.9880956411361694,0.0344473160803318,0.6344866156578064,2.0208518505096436
489,0.9882352948188782,0.033829089254140854,0.6357421875,2.1021628379821777
490,0.9884447455406189,0.03245638683438301,0.6339285969734192,2.0708658695220947
491,0.9882702231407166,0.03307698667049408,0.6311383843421936,2.1063458919525146
492,0.9874323606491089,0.033654410392045975,0.6311383843421936,2.222581386566162
493,0.9884098172187805,0.032381005585193634,0.6332310438156128,2.146934747695923
494,0.9884098172187805,0.03328203409910202,0.6363002061843872,2.112635850906372
495,0.9880258440971375,0.033852167427539825,0.6356026530265808,2.1617472171783447
496,0.9881305694580078,0.03212631866335869,0.6368582844734192,2.200169086456299
497,0.9879559874534607,0.03451232984662056,0.6363002061843872,2.0948808193206787
498,0.9879559874534607,0.03518574312329292,0.6342076063156128,2.1060166358947754
499,0.9885146021842957,0.030920041725039482,0.6311383843421936,2.1415703296661377
500,0.9891778826713562,0.03110259212553501,0.63671875,2.1414380073547363
501,0.9888287782669067,0.03046903945505619,0.6393694281578064,2.136249303817749
502,0.9880956411361694,0.03154369071125984,0.6336495280265808,2.095914840698242
503,0.9891429543495178,0.031693898141384125,0.6375557780265808,2.1153171062469482
504,0.9887938499450684,0.03267498314380646,0.6390904188156128,2.1053073406219482
505,0.9881654977798462,0.031426042318344116,0.6344866156578064,2.1981565952301025
506,0.9885146021842957,0.0332978256046772,0.6354631781578064,2.08915638923645
507,0.989701509475708,0.031219160184264183,0.6346260905265808,2.184380054473877
508,0.9890382289886475,0.03096766211092472,0.6344866156578064,2.125281572341919
509,0.9890731573104858,0.03196560963988304,0.634765625,2.135927438735962
510,0.9880956411361694,0.033580780029296875,0.63671875,2.1451938152313232
511,0.9892127513885498,0.029780881479382515,0.634765625,2.2284095287323
512,0.9883749485015869,0.03335116431117058,0.6354631781578064,2.087204694747925
513,0.9882702231407166,0.03243238851428032,0.6312779188156128,2.118636131286621
514,0.9884098172187805,0.03368170186877251,0.6358817219734192,2.067932605743408
515,0.988689124584198,0.030836371704936028,0.6342076063156128,2.122772216796875
516,0.9889335036277771,0.03176703304052353,0.6330915093421936,2.2281150817871094
517,0.9893524050712585,0.02956194244325161,0.6344866156578064,2.115553617477417
518,0.9885843992233276,0.0315127857029438,0.6349051594734192,2.153658390045166
519,0.9890731573104858,0.032487161457538605,0.6314173936843872,2.1751420497894287
520,0.9893873333930969,0.0289154015481472,0.6333705186843872,2.111668825149536
521,0.9890033006668091,0.030308876186609268,0.6314173936843872,2.135145902633667
522,0.9879559874534607,0.03242824599146843,0.6335100531578064,2.158086061477661
523,0.9884796738624573,0.032651763409376144,0.6351841688156128,2.201014757156372
524,0.9898411631584167,0.028709329664707184,0.6336495280265808,2.1320881843566895
525,0.9884796738624573,0.03261381760239601,0.6325334906578064,2.1712050437927246
526,0.9894571304321289,0.0298039298504591,0.6369977593421936,2.287376642227173
527,0.98875892162323,0.032364923506975174,0.6353236436843872,2.1720612049102783
528,0.9888985753059387,0.031048312783241272,0.630859375,2.1048924922943115
529,0.9893175363540649,0.029250986874103546,0.6351841688156128,2.088031530380249
530,0.9891429543495178,0.030309991911053658,0.6283482313156128,2.153512716293335
531,0.9893524050712585,0.03149315342307091,0.6318359375,2.1119463443756104
532,0.9899808168411255,0.029853355139493942,0.6376953125,2.1917383670806885
533,0.9892826080322266,0.03063005767762661,0.6307198405265808,2.170163869857788
534,0.9890731573104858,0.031296707689762115,0.6325334906578064,2.1799590587615967
535,0.9888636469841003,0.031070660799741745,0.638671875,2.149893045425415
536,0.988619327545166,0.03144041448831558,0.6346260905265808,2.0942506790161133
537,0.9894571304321289,0.030549274757504463,0.6375557780265808,2.1239564418792725
538,0.988619327545166,0.03310897946357727,0.6323939561843872,2.2374777793884277
539,0.9887938499450684,0.030722729861736298,0.634765625,2.1098275184631348
540,0.9893873333930969,0.03029867634177208,0.6343470811843872,2.2273106575012207
541,0.9892826080322266,0.03075304441154003,0.6344866156578064,2.1275112628936768
542,0.9904346466064453,0.028478028252720833,0.6349051594734192,2.162384271621704
543,0.9899109601974487,0.02822135202586651,0.6358817219734192,2.1483969688415527
544,0.9879909157752991,0.03268410637974739,0.6381138563156128,2.1963932514190674
545,0.9891429543495178,0.030150532722473145,0.6349051594734192,2.1598851680755615
546,0.9891778826713562,0.028432969003915787,0.6364397406578064,2.208178997039795
547,0.9902949929237366,0.029061323031783104,0.6342076063156128,2.150747060775757
548,0.9888985753059387,0.031536828726530075,0.6330915093421936,2.1263632774353027
549,0.9895967841148376,0.02912176586687565,0.6358817219734192,2.2093913555145264
550,0.9884098172187805,0.031220247969031334,0.6349051594734192,2.21825909614563
551,0.9892127513885498,0.028888538479804993,0.6328125,2.206054449081421
552,0.9895269870758057,0.03109242580831051,0.6337890625,2.192779302597046
553,0.9899109601974487,0.02908024936914444,0.6353236436843872,2.1604607105255127
554,0.9907837510108948,0.027560368180274963,0.6325334906578064,2.173534631729126
555,0.9899109601974487,0.030598854646086693,0.6336495280265808,2.281930923461914
556,0.9891429543495178,0.03218410536646843,0.6321149468421936,2.1530022621154785
557,0.9895967841148376,0.02902211621403694,0.6318359375,2.1764023303985596
558,0.9897364377975464,0.029848668724298477,0.6311383843421936,2.1724345684051514
559,0.988619327545166,0.031538818031549454,0.634765625,2.1104483604431152
560,0.9900156855583191,0.027838386595249176,0.6304408311843872,2.1950199604034424
561,0.9878861904144287,0.03195861354470253,0.6330915093421936,2.177654981613159
562,0.9902600646018982,0.027716953307390213,0.6305803656578064,2.2146785259246826
563,0.990329921245575,0.028102461248636246,0.6297432780265808,2.176220178604126
564,0.9890731573104858,0.031366631388664246,0.6342076063156128,2.186361789703369
565,0.9900156855583191,0.029160061851143837,0.6350446343421936,2.2602546215057373
566,0.9901553392410278,0.02740962989628315,0.6333705186843872,2.164977550506592
567,0.9901204109191895,0.027227915823459625,0.6328125,2.2768008708953857
568,0.9899458885192871,0.02695891633629799,0.6350446343421936,2.243891477584839
569,0.9893524050712585,0.029993072152137756,0.6336495280265808,2.1805031299591064
570,0.9895967841148376,0.029628552496433258,0.630859375,2.2578420639038086
571,0.9901204109191895,0.029026903212070465,0.6339285969734192,2.184083938598633
572,0.9897713661193848,0.02903098240494728,0.6326729655265808,2.164240598678589
573,0.9909233450889587,0.02495696395635605,0.6321149468421936,2.212878942489624
574,0.9892476797103882,0.03008170612156391,0.6315569281578064,2.243807554244995
575,0.9909582734107971,0.025396261364221573,0.6322544813156128,2.2152109146118164
576,0.990574300289154,0.026798442006111145,0.6333705186843872,2.169989585876465
577,0.9888287782669067,0.032593321055173874,0.63671875,2.2108895778656006
578,0.9892127513885498,0.03034019283950329,0.6361607313156128,2.2057714462280273
579,0.9891778826713562,0.03123658336699009,0.6339285969734192,2.1614460945129395
580,0.9902251958847046,0.02744019590318203,0.6330915093421936,2.2328572273254395
581,0.9894222617149353,0.029320847243070602,0.6319754719734192,2.308645725250244
582,0.9908186197280884,0.02753153070807457,0.6284877061843872,2.212277889251709
583,0.9886541962623596,0.03147399425506592,0.6333705186843872,2.2006523609161377
584,0.9905044436454773,0.02618093229830265,0.6336495280265808,2.1504881381988525
585,0.9892476797103882,0.029222900047898293,0.630859375,2.1669626235961914
586,0.9899808168411255,0.029562698677182198,0.634765625,2.243764638900757
587,0.990574300289154,0.027319150045514107,0.6371372938156128,2.236923933029175
588,0.9885843992233276,0.0317515954375267,0.6328125,2.2283341884613037
589,0.9895967841148376,0.02938772179186344,0.6319754719734192,2.1752429008483887
590,0.9900156855583191,0.02862788364291191,0.6344866156578064,2.1713640689849854
591,0.9897364377975464,0.027742084115743637,0.6315569281578064,2.2671761512756348
592,0.9895967841148376,0.02870388887822628,0.6333705186843872,2.191516160964966
593,0.9896665811538696,0.03006669506430626,0.6337890625,2.202166795730591
594,0.9905044436454773,0.02660493180155754,0.6305803656578064,2.224846363067627
595,0.9910979270935059,0.025976749137043953,0.6321149468421936,2.1972947120666504
596,0.9900506138801575,0.027769189327955246,0.6349051594734192,2.2108378410339355
597,0.9893175363540649,0.02841232158243656,0.6329520344734192,2.1937427520751953
598,0.9899109601974487,0.028782637789845467,0.6326729655265808,2.071852207183838
599,0.9902600646018982,0.027242090553045273,0.6357421875,2.149670362472534
600,0.990574300289154,0.025638047605752945,0.6360211968421936,2.194997549057007
601,0.9906790256500244,0.026004960760474205,0.6353236436843872,2.2804415225982666
602,0.9899808168411255,0.02718009427189827,0.6328125,2.1713547706604004
603,0.9907488226890564,0.025621633976697922,0.6349051594734192,2.2705647945404053
604,0.9898760914802551,0.028478942811489105,0.6314173936843872,2.2317166328430176
605,0.9906091690063477,0.02802233025431633,0.6293247938156128,2.1661250591278076
606,0.9901204109191895,0.02881072461605072,0.6351841688156128,2.230236053466797
607,0.9893175363540649,0.029835518449544907,0.63671875,2.199596881866455
608,0.989701509475708,0.028615852817893028,0.6315569281578064,2.208646059036255
609,0.9907837510108948,0.025473978370428085,0.6332310438156128,2.2544822692871094
610,0.9895269870758057,0.02780582569539547,0.6322544813156128,2.1941230297088623
611,0.990329921245575,0.028642702847719193,0.6346260905265808,2.204861879348755
612,0.9900855422019958,0.02830834500491619,0.6365792155265808,2.2058026790618896
613,0.9908884763717651,0.025425663217902184,0.6357421875,2.2665200233459473
614,0.9907837510108948,0.02579956315457821,0.6319754719734192,2.1933140754699707
615,0.9906790256500244,0.026691194623708725,0.6360211968421936,2.2691078186035156
616,0.9903647899627686,0.02689659781754017,0.6372767686843872,2.3381640911102295
617,0.989631712436676,0.029780536890029907,0.6344866156578064,2.2951958179473877
618,0.9911328554153442,0.025365397334098816,0.6376953125,2.250249147415161
619,0.9894571304321289,0.02981926128268242,0.642578125,2.204537868499756
620,0.9909582734107971,0.025798682123422623,0.6369977593421936,2.181185007095337
621,0.9903997182846069,0.028154635801911354,0.6340680718421936,2.228449583053589
622,0.9900506138801575,0.025853503495454788,0.6340680718421936,2.232769727706909
623,0.9905393719673157,0.02583945356309414,0.6382533311843872,2.2071707248687744
624,0.9893175363540649,0.02853471413254738,0.6349051594734192,2.1728742122650146
625,0.9898411631584167,0.027478331699967384,0.6322544813156128,2.216508150100708
626,0.9892826080322266,0.028593236580491066,0.6363002061843872,2.1770758628845215
627,0.989631712436676,0.028422072529792786,0.6296038031578064,2.182312488555908
628,0.9896665811538696,0.029220784083008766,0.6333705186843872,2.2185142040252686
629,0.990329921245575,0.027850445359945297,0.6326729655265808,2.1753971576690674
630,0.990644097328186,0.02643594890832901,0.6349051594734192,2.2071452140808105
631,0.9911677241325378,0.02421594224870205,0.6372767686843872,2.3040411472320557
632,0.9900506138801575,0.027266835793852806,0.6354631781578064,2.2456889152526855
633,0.9901553392410278,0.02699955180287361,0.6333705186843872,2.1938517093658447
634,0.9904695153236389,0.02709251269698143,0.6356026530265808,2.169515609741211
635,0.9899458885192871,0.02704162523150444,0.6326729655265808,2.2498481273651123
636,0.9915517568588257,0.023601124063134193,0.6323939561843872,2.3085217475891113
637,0.9909932017326355,0.026436977088451385,0.6283482313156128,2.1968603134155273
638,0.9910629987716675,0.02458619326353073,0.6336495280265808,2.285902261734009
639,0.9900156855583191,0.02738020196557045,0.6326729655265808,2.1394712924957275
640,0.9891778826713562,0.028858166188001633,0.6325334906578064,2.2347259521484375
641,0.9894920587539673,0.02901296876370907,0.6328125,2.2536981105804443
642,0.9893873333930969,0.028106093406677246,0.6330915093421936,2.219813585281372
643,0.9898062348365784,0.02705894410610199,0.6350446343421936,2.25468111038208
644,0.9893175363540649,0.028072496876120567,0.6342076063156128,2.1842734813690186
645,0.9903997182846069,0.025671757757663727,0.6335100531578064,2.2584760189056396
646,0.9908535480499268,0.026478875428438187,0.6361607313156128,2.248300552368164
647,0.9901902675628662,0.02649105153977871,0.6336495280265808,2.2141072750091553
648,0.9899109601974487,0.025754710659384727,0.6343470811843872,2.290321111679077
649,0.990713894367218,0.025939026847481728,0.6349051594734192,2.3009629249572754
650,0.9903647899627686,0.025713426992297173,0.6363002061843872,2.278996467590332
651,0.990574300289154,0.02613329514861107,0.6321149468421936,2.2834441661834717
652,0.9898411631584167,0.02660432830452919,0.6364397406578064,2.2266299724578857
653,0.9910979270935059,0.0250175129622221,0.6342076063156128,2.2361724376678467
654,0.9911677241325378,0.025282902643084526,0.6340680718421936,2.2238681316375732
655,0.9890731573104858,0.028207801282405853,0.6351841688156128,2.199859857559204
656,0.9908884763717651,0.027480799704790115,0.6358817219734192,2.201817750930786
657,0.9896665811538696,0.027946192771196365,0.6332310438156128,2.1725010871887207
658,0.9906790256500244,0.027286214753985405,0.6365792155265808,2.2688615322113037
659,0.9905044436454773,0.02724280394613743,0.6333705186843872,2.2616701126098633
660,0.990574300289154,0.026056205853819847,0.6390904188156128,2.283564567565918
661,0.9912724494934082,0.024480139836668968,0.6309989094734192,2.3037679195404053
662,0.9899458885192871,0.027941487729549408,0.6343470811843872,2.201105833053589
663,0.990713894367218,0.025658080354332924,0.6382533311843872,2.2100892066955566
664,0.9908884763717651,0.02551552839577198,0.63671875,2.1741864681243896
665,0.9901204109191895,0.02614467963576317,0.6361607313156128,2.2809641361236572
666,0.9900506138801575,0.026076048612594604,0.6333705186843872,2.3273868560791016
667,0.9909932017326355,0.026349211111664772,0.6322544813156128,2.2245709896087646
668,0.9914121031761169,0.02620461955666542,0.6330915093421936,2.1919357776641846
669,0.9906790256500244,0.025650419294834137,0.6290457844734192,2.2118465900421143
670,0.9911328554153442,0.025677697733044624,0.6354631781578064,2.260439395904541
671,0.9918659329414368,0.02409292571246624,0.6325334906578064,2.263512134552002
672,0.991342306137085,0.02390868403017521,0.6342076063156128,2.2999348640441895
673,0.9898062348365784,0.02738996595144272,0.6360211968421936,2.2266266345977783
674,0.990574300289154,0.025468837469816208,0.6333705186843872,2.2042253017425537
675,0.9908884763717651,0.024920495226979256,0.6357421875,2.2552075386047363
676,0.9901902675628662,0.027628520503640175,0.6364397406578064,2.168395519256592
677,0.9913771748542786,0.026555214077234268,0.6343470811843872,2.241790294647217
678,0.991342306137085,0.025569170713424683,0.6314173936843872,2.2342469692230225
679,0.9909932017326355,0.02557392418384552,0.6344866156578064,2.1999754905700684
680,0.9910629987716675,0.02700314298272133,0.6365792155265808,2.1377415657043457
681,0.989701509475708,0.028340108692646027,0.6321149468421936,2.2944605350494385
682,0.9904695153236389,0.02578047476708889,0.6357421875,2.241511821746826
683,0.990329921245575,0.026834851130843163,0.6374163031578064,2.214263916015625
684,0.9903997182846069,0.02658114582300186,0.6407645344734192,2.2242684364318848
685,0.9909582734107971,0.026874488219618797,0.6349051594734192,2.1585867404937744
686,0.9912375807762146,0.026600295677781105,0.6349051594734192,2.164050340652466
687,0.9917961359024048,0.024660130962729454,0.6354631781578064,2.249255657196045
688,0.9916215538978577,0.023614000529050827,0.6309989094734192,2.2836248874664307
689,0.990329921245575,0.02849118411540985,0.6351841688156128,2.264697313308716
690,0.9909233450889587,0.025389205664396286,0.6336495280265808,2.224578380584717
691,0.9907488226890564,0.02608412317931652,0.6330915093421936,2.214271306991577
692,0.9915168285369873,0.024616796523332596,0.6379743218421936,2.231297016143799
693,0.9908535480499268,0.025653628632426262,0.6326729655265808,2.2481112480163574
694,0.9902251958847046,0.026788776740431786,0.6301618218421936,2.1090266704559326
695,0.9902251958847046,0.026510396972298622,0.6360211968421936,2.1936850547790527
696,0.9907837510108948,0.025587167590856552,0.6374163031578064,2.2066900730133057
697,0.9911328554153442,0.02471032738685608,0.6349051594734192,2.1781914234161377
698,0.9920055866241455,0.022498345002532005,0.6351841688156128,2.2128195762634277
699,0.9917612075805664,0.023544399067759514,0.6382533311843872,2.273494243621826
700,0.9909582734107971,0.02649202011525631,0.6307198405265808,2.212672710418701
701,0.9905393719673157,0.02505701780319214,0.6393694281578064,2.231947422027588
702,0.9912026524543762,0.0239076130092144,0.6332310438156128,2.2860968112945557
703,0.9908884763717651,0.025054411962628365,0.6344866156578064,2.228015661239624
704,0.9920753836631775,0.025249099358916283,0.6381138563156128,2.3198752403259277
705,0.9915168285369873,0.025568515062332153,0.6350446343421936,2.2754931449890137
706,0.9915866851806641,0.023503003641963005,0.6343470811843872,2.307039737701416
707,0.9911328554153442,0.025477534160017967,0.6343470811843872,2.186023712158203
708,0.9902949929237366,0.025568071752786636,0.6316964030265808,2.309785842895508
709,0.9910979270935059,0.024389196187257767,0.6350446343421936,2.353755235671997
710,0.9908186197280884,0.025017136707901955,0.6346260905265808,2.228947401046753
711,0.990329921245575,0.026628198102116585,0.6344866156578064,2.264819383621216
712,0.9918659329414368,0.022309109568595886,0.6351841688156128,2.324424982070923
713,0.9910629987716675,0.023001406341791153,0.6342076063156128,2.2750418186187744
714,0.9910281300544739,0.025254473090171814,0.6354631781578064,2.280522584915161
715,0.9906790256500244,0.025784920901060104,0.6343470811843872,2.275219678878784
716,0.9900156855583191,0.026337893679738045,0.630859375,2.309131383895874
717,0.9906091690063477,0.025851832702755928,0.6323939561843872,2.2686097621917725
718,0.9901902675628662,0.02664935775101185,0.6339285969734192,2.2668120861053467
719,0.9913771748542786,0.02352806366980076,0.6346260905265808,2.2465367317199707
720,0.9918659329414368,0.023996658623218536,0.6346260905265808,2.216264486312866
721,0.9918310642242432,0.023263901472091675,0.6351841688156128,2.2422354221343994
722,0.9922499656677246,0.02151063084602356,0.6364397406578064,2.2275609970092773
723,0.9907837510108948,0.024626346305012703,0.6322544813156128,2.266296863555908
724,0.9903997182846069,0.027996910735964775,0.6375557780265808,2.2191615104675293
725,0.9920055866241455,0.021739693358540535,0.6357421875,2.151188850402832
726,0.9913771748542786,0.02494603395462036,0.6396484375,2.338843584060669
727,0.9909582734107971,0.024980682879686356,0.6363002061843872,2.230907440185547
728,0.9912375807762146,0.025135984644293785,0.6314173936843872,2.192411422729492
729,0.9916215538978577,0.023130953311920166,0.6325334906578064,2.2026898860931396
730,0.9910979270935059,0.023774048313498497,0.6353236436843872,2.2718560695648193
731,0.9909932017326355,0.02594730444252491,0.6379743218421936,2.2632839679718018
732,0.9915866851806641,0.023140285164117813,0.6365792155265808,2.18375563621521
733,0.9914470314979553,0.023017829284071922,0.6360211968421936,2.288504123687744
734,0.9914121031761169,0.024363525211811066,0.6322544813156128,2.2921547889709473
735,0.9925641417503357,0.021339954808354378,0.6378348469734192,2.376476526260376
736,0.9914819598197937,0.023619623854756355,0.6353236436843872,2.3300678730010986
737,0.9919008612632751,0.02252177707850933,0.6336495280265808,2.2417752742767334
738,0.9918310642242432,0.022422324866056442,0.6335100531578064,2.3853049278259277
739,0.9902949929237366,0.0260088499635458,0.6390904188156128,2.3014867305755615
740,0.9912375807762146,0.024528881534934044,0.6333705186843872,2.2503349781036377
741,0.9908535480499268,0.024803366512060165,0.6350446343421936,2.324589252471924
742,0.991656482219696,0.023808324709534645,0.6400669813156128,2.3344855308532715
743,0.991342306137085,0.024134144186973572,0.6346260905265808,2.301994800567627
744,0.9908884763717651,0.02434653230011463,0.6333705186843872,2.3382620811462402
745,0.9914819598197937,0.023615548387169838,0.6328125,2.3143577575683594
746,0.991342306137085,0.023774338886141777,0.6363002061843872,2.3543694019317627
747,0.9920405149459839,0.021998465061187744,0.6339285969734192,2.2655258178710938
748,0.9914470314979553,0.024731000885367393,0.6318359375,2.3060379028320312
749,0.9912026524543762,0.024389225989580154,0.6325334906578064,2.3278706073760986
750,0.9915517568588257,0.02367502637207508,0.6316964030265808,2.3648838996887207
751,0.9915866851806641,0.02311667799949646,0.6336495280265808,2.198166608810425
752,0.9906790256500244,0.02406952902674675,0.6319754719734192,2.2678914070129395
753,0.9915517568588257,0.02380794659256935,0.6337890625,2.194533348083496
754,0.9916215538978577,0.02153611183166504,0.6312779188156128,2.3045496940612793
755,0.9916914105415344,0.02279503457248211,0.6314173936843872,2.394108533859253
756,0.9909233450889587,0.025391632691025734,0.6361607313156128,2.2154617309570312
757,0.9910979270935059,0.023829182609915733,0.6332310438156128,2.2522542476654053
758,0.9915517568588257,0.023522967472672462,0.6353236436843872,2.2136688232421875
759,0.9917612075805664,0.021854614838957787,0.6329520344734192,2.3006858825683594
760,0.9921452403068542,0.021545881405472755,0.6371372938156128,2.2943193912506104
761,0.9911328554153442,0.02376817911863327,0.6311383843421936,2.330394983291626
762,0.990574300289154,0.025459347292780876,0.6321149468421936,2.2304911613464355
763,0.9909932017326355,0.023381082341074944,0.6301618218421936,2.277143955230713
764,0.9913073778152466,0.023121293634176254,0.6296038031578064,2.2779488563537598
765,0.9916215538978577,0.023633381351828575,0.6307198405265808,2.293342113494873
766,0.9915517568588257,0.02237118035554886,0.6316964030265808,2.2775959968566895
767,0.9915517568588257,0.02325226366519928,0.6365792155265808,2.3954689502716064
768,0.9912724494934082,0.024121109396219254,0.6351841688156128,2.3438398838043213
769,0.9916215538978577,0.023159408941864967,0.6328125,2.345756769180298
770,0.9919008612632751,0.022843023762106895,0.6337890625,2.2709789276123047
771,0.9919706583023071,0.023956406861543655,0.6325334906578064,2.3446457386016846
772,0.9906790256500244,0.025227904319763184,0.6379743218421936,2.2757656574249268
773,0.9914819598197937,0.025056907907128334,0.6339285969734192,2.3078649044036865
774,0.9913771748542786,0.02387755736708641,0.6325334906578064,2.352491617202759
775,0.9914121031761169,0.02324940636754036,0.6344866156578064,2.252814531326294
776,0.9928434491157532,0.019817031919956207,0.6339285969734192,2.372999906539917
777,0.9909582734107971,0.023636469617486,0.6333705186843872,2.284249782562256
778,0.9919008612632751,0.021335894241929054,0.6297432780265808,2.2691986560821533
779,0.991656482219696,0.023998096585273743,0.6309989094734192,2.2703545093536377
780,0.9917961359024048,0.022687813267111778,0.6344866156578064,2.3304309844970703
781,0.9917961359024048,0.021580839529633522,0.6321149468421936,2.279914379119873
782,0.9907488226890564,0.02449313923716545,0.6301618218421936,2.2955260276794434
783,0.9914470314979553,0.025388306006789207,0.6298828125,2.246495485305786
784,0.9916914105415344,0.023672835901379585,0.6343470811843872,2.262277126312256
785,0.9915168285369873,0.02333889715373516,0.6333705186843872,2.3322465419769287
786,0.9917961359024048,0.02258368395268917,0.6315569281578064,2.2885849475860596
787,0.9915866851806641,0.023768821731209755,0.6303013563156128,2.2540011405944824
788,0.9911328554153442,0.02205590158700943,0.6325334906578064,2.2670352458953857
789,0.9923896193504333,0.020959362387657166,0.6374163031578064,2.2966339588165283
790,0.9919357895851135,0.021412916481494904,0.6298828125,2.3194310665130615
791,0.9911677241325378,0.02329813316464424,0.6357421875,2.2731986045837402
792,0.9921801090240479,0.02100454457104206,0.634765625,2.320645570755005
793,0.9915517568588257,0.023486386984586716,0.6364397406578064,2.379006862640381
794,0.9914470314979553,0.02402067743241787,0.6342076063156128,2.2696595191955566
795,0.9917612075805664,0.021905282512307167,0.6325334906578064,2.375964879989624
796,0.9915517568588257,0.021501943469047546,0.6329520344734192,2.249232053756714
797,0.9924594163894653,0.021952783688902855,0.6319754719734192,2.2837653160095215
798,0.9912026524543762,0.02410864643752575,0.6349051594734192,2.3096506595611572
799,0.9916643500328064,0.02348177134990692,0.6323939561843872,2.3226566314697266
800,0.9909233450889587,0.02321179397404194,0.6318359375,2.3410778045654297
801,0.9913771748542786,0.022623876109719276,0.6342076063156128,2.301541566848755
802,0.9915866851806641,0.024012915790081024,0.6315569281578064,2.2342276573181152
803,0.992354691028595,0.021803313866257668,0.6340680718421936,2.3412976264953613
804,0.991656482219696,0.022844403982162476,0.6333705186843872,2.272495985031128
805,0.9930528998374939,0.02064293809235096,0.6336495280265808,2.342742443084717
806,0.9905044436454773,0.026172293350100517,0.6325334906578064,2.3142123222351074
807,0.9916914105415344,0.02244574762880802,0.6333705186843872,2.4173405170440674
808,0.9914819598197937,0.02254977449774742,0.6339285969734192,2.2479939460754395
809,0.9912375807762146,0.02460039220750332,0.6332310438156128,2.2900452613830566
810,0.9918310642242432,0.022626953199505806,0.6325334906578064,2.282066583633423
811,0.9919706583023071,0.021766584366559982,0.6291852593421936,2.2708356380462646
812,0.9919008612632751,0.021859576925635338,0.6354631781578064,2.264984130859375
813,0.9916914105415344,0.02158964052796364,0.6337890625,2.331244945526123
814,0.9915517568588257,0.02251601032912731,0.6321149468421936,2.3425118923187256
815,0.9913771748542786,0.024792756885290146,0.6393694281578064,2.3347887992858887
816,0.991726279258728,0.02327433042228222,0.6368582844734192,2.408618450164795
817,0.991726279258728,0.02291673980653286,0.6319754719734192,2.325878143310547
818,0.9913073778152466,0.02330690249800682,0.6357421875,2.268972873687744
819,0.9914819598197937,0.024455955252051353,0.6383928656578064,2.2582621574401855
820,0.9913073778152466,0.023410877212882042,0.6351841688156128,2.282015562057495
821,0.9919357895851135,0.023052701726555824,0.6319754719734192,2.3680922985076904
822,0.9915866851806641,0.023256655782461166,0.6365792155265808,2.3020730018615723
823,0.9919008612632751,0.024384235963225365,0.6368582844734192,2.3493216037750244
824,0.9923896193504333,0.021934065967798233,0.6353236436843872,2.327576160430908
825,0.9919357895851135,0.02363959699869156,0.6335100531578064,2.322849988937378
826,0.992284893989563,0.022061925381422043,0.6314173936843872,2.4192540645599365
827,0.9920753836631775,0.022857913747429848,0.6300223469734192,2.380829095840454
828,0.9925990700721741,0.02162378467619419,0.6315569281578064,2.3336312770843506
829,0.9920055866241455,0.02246173657476902,0.6318359375,2.3159239292144775
830,0.9919357895851135,0.022027693688869476,0.6328125,2.307222843170166
831,0.9916215538978577,0.023281561210751534,0.6291852593421936,2.2882516384124756
832,0.991726279258728,0.02313917689025402,0.6328125,2.2230372428894043
833,0.9931226968765259,0.019065503031015396,0.6329520344734192,2.282684564590454
834,0.9913771748542786,0.023666491732001305,0.6369977593421936,2.215404748916626
835,0.9916914105415344,0.021471906453371048,0.6300223469734192,2.2879579067230225
836,0.9921103119850159,0.022034743800759315,0.6296038031578064,2.327043294906616
837,0.9927735924720764,0.01972881518304348,0.6337890625,2.2627205848693848
838,0.9925641417503357,0.021924493834376335,0.6346260905265808,2.445040225982666
839,0.9915866851806641,0.02381061017513275,0.6329520344734192,2.294076442718506
840,0.9912026524543762,0.022937355563044548,0.6321149468421936,2.3233489990234375
841,0.9919357895851135,0.02210744097828865,0.6296038031578064,2.3002209663391113
842,0.992354691028595,0.021187515929341316,0.6335100531578064,2.2803828716278076
843,0.992668867111206,0.020597513765096664,0.6304408311843872,2.383139133453369
844,0.9916914105415344,0.021877406165003777,0.6342076063156128,2.300699234008789
845,0.9928783178329468,0.022673573344945908,0.6330915093421936,2.1949431896209717
846,0.9913771748542786,0.024624967947602272,0.6357421875,2.385709047317505
847,0.9930528998374939,0.019053107127547264,0.6339285969734192,2.3512485027313232
848,0.9919706583023071,0.02129731886088848,0.6360211968421936,2.2814536094665527
849,0.9911328554153442,0.024753903970122337,0.6340680718421936,2.35710072517395
850,0.992284893989563,0.021786365658044815,0.6357421875,2.3169798851013184
851,0.9916914105415344,0.022199703380465508,0.6336495280265808,2.3218419551849365
852,0.9920753836631775,0.020762886852025986,0.6328125,2.371429681777954
853,0.9908884763717651,0.02562178671360016,0.6363002061843872,2.2989959716796875
854,0.9912026524543762,0.022041385993361473,0.6360211968421936,2.3637936115264893
855,0.992354691028595,0.022289365530014038,0.6343470811843872,2.3262336254119873
856,0.9916914105415344,0.022641750052571297,0.6339285969734192,2.360443115234375
857,0.991726279258728,0.023226061835885048,0.6343470811843872,2.2850069999694824
858,0.9908186197280884,0.023354938253760338,0.6383928656578064,2.275585412979126
859,0.992668867111206,0.019470257684588432,0.6315569281578064,2.2847015857696533
860,0.9917961359024048,0.022562436759471893,0.6312779188156128,2.3440163135528564
861,0.992668867111206,0.020922081544995308,0.6318359375,2.354161500930786
862,0.992284893989563,0.02123534306883812,0.6356026530265808,2.352942705154419
863,0.992354691028595,0.02117764763534069,0.634765625,2.2762961387634277
864,0.9917612075805664,0.022281626239418983,0.6307198405265808,2.3018569946289062
865,0.9929830431938171,0.01994464173913002,0.6328125,2.389657497406006
866,0.9927387237548828,0.020630324259400368,0.6323939561843872,2.2905497550964355
867,0.9915517568588257,0.02385319024324417,0.6330915093421936,2.347804546356201
868,0.9920405149459839,0.022554587572813034,0.6333705186843872,2.301459550857544
869,0.9910281300544739,0.024045882746577263,0.6346260905265808,2.296487808227539
870,0.9916215538978577,0.02374211512506008,0.6365792155265808,2.2648019790649414
871,0.9916215538978577,0.021972274407744408,0.6336495280265808,2.3322205543518066
872,0.9933321475982666,0.019683951511979103,0.6354631781578064,2.339711904525757
873,0.991943359375,0.02180630899965763,0.6296038031578064,2.278679132461548
874,0.9928434491157532,0.019670117646455765,0.6346260905265808,2.3859238624572754
875,0.9931925535202026,0.018809456378221512,0.6340680718421936,2.278026580810547
876,0.992354691028595,0.020893344655632973,0.6365792155265808,2.330251932144165
877,0.9915517568588257,0.02209646813571453,0.6339285969734192,2.3035824298858643
878,0.9921452403068542,0.022574404254555702,0.634765625,2.316244602203369
879,0.9930179715156555,0.01983173005282879,0.6346260905265808,2.334838390350342
880,0.9908535480499268,0.024166060611605644,0.6332310438156128,2.2978789806365967
881,0.9921452403068542,0.021839769557118416,0.6314173936843872,2.2654430866241455
882,0.9920753836631775,0.022308247163891792,0.6340680718421936,2.3353569507598877
883,0.9914819598197937,0.023647010326385498,0.6333705186843872,2.3246655464172363
884,0.9925641417503357,0.020327728241682053,0.6350446343421936,2.287440776824951
885,0.9929830431938171,0.01920291595160961,0.6343470811843872,2.3312478065490723
886,0.992424488067627,0.023477215319871902,0.6351841688156128,2.2492785453796387
887,0.9917612075805664,0.02213231287896633,0.6371372938156128,2.3311171531677246
888,0.9917961359024048,0.021752778440713882,0.6358817219734192,2.373706102371216
889,0.9915866851806641,0.023909687995910645,0.6326729655265808,2.2875044345855713
890,0.9920055866241455,0.021778728812932968,0.6325334906578064,2.3228068351745605
891,0.992424488067627,0.020168250426650047,0.6392298936843872,2.302922010421753
892,0.9920055866241455,0.02091568149626255,0.6354631781578064,2.319486141204834
893,0.992284893989563,0.020955765619874,0.6383928656578064,2.2860970497131348
894,0.9929481744766235,0.0208212248980999,0.6356026530265808,2.353024959564209
895,0.9925292134284973,0.022186007350683212,0.6307198405265808,2.321855068206787
896,0.9920405149459839,0.02158193662762642,0.6372767686843872,2.334099054336548
897,0.9924594163894653,0.020776666700839996,0.6314173936843872,2.3714206218719482
898,0.9928434491157532,0.020599117502570152,0.6344866156578064,2.3784844875335693
899,0.9915168285369873,0.023236306384205818,0.630859375,2.3418924808502197
900,0.992668867111206,0.019707929342985153,0.62890625,2.392721176147461
901,0.9925990700721741,0.019948337227106094,0.6340680718421936,2.3680102825164795
902,0.991726279258728,0.022391684353351593,0.6342076063156128,2.3590431213378906
903,0.9934020042419434,0.019471032544970512,0.6333705186843872,2.4544827938079834
904,0.9935067296028137,0.0191914401948452,0.6344866156578064,2.3730814456939697
905,0.9919357895851135,0.02151387371122837,0.6323939561843872,2.30657696723938
906,0.991656482219696,0.02248190902173519,0.6318359375,2.3985676765441895
907,0.9915866851806641,0.0227615088224411,0.6354631781578064,2.3245232105255127
908,0.992424488067627,0.020355533808469772,0.6321149468421936,2.300305128097534
909,0.9920405149459839,0.021866953000426292,0.6318359375,2.2415385246276855
910,0.992354691028595,0.01996888779103756,0.6303013563156128,2.302396535873413
911,0.9931576251983643,0.019638149067759514,0.6323939561843872,2.3599026203155518
912,0.992424488067627,0.02209092676639557,0.6343470811843872,2.3864331245422363
913,0.9912375807762146,0.022121600806713104,0.6328125,2.264409065246582
914,0.9922499656677246,0.022268742322921753,0.6314173936843872,2.3259236812591553
915,0.9917961359024048,0.021229829639196396,0.6335100531578064,2.3887360095977783
916,0.9916215538978577,0.022389063611626625,0.6333705186843872,2.3710029125213623
917,0.9928085207939148,0.0192442387342453,0.6356026530265808,2.3511195182800293
918,0.992354691028595,0.02016919106245041,0.6375557780265808,2.343348741531372
919,0.991342306137085,0.022927477955818176,0.6364397406578064,2.300407648086548
920,0.9924943447113037,0.021934226155281067,0.6335100531578064,2.367795467376709
921,0.9924943447113037,0.020955760031938553,0.6354631781578064,2.3115317821502686
922,0.9930878281593323,0.019953541457653046,0.6349051594734192,2.2994158267974854
923,0.9929481744766235,0.01971934363245964,0.6368582844734192,2.316133975982666
924,0.9925990700721741,0.019021213054656982,0.6343470811843872,2.380392551422119
925,0.9925292134284973,0.020929936319589615,0.6358817219734192,2.3772528171539307
926,0.9928783178329468,0.018955029547214508,0.6351841688156128,2.409191131591797
927,0.9929830431938171,0.019053258001804352,0.6407645344734192,2.4297595024108887
928,0.992354691028595,0.02144702710211277,0.634765625,2.4058573246002197
929,0.9929830431938171,0.020832689478993416,0.63671875,2.3262939453125
930,0.9934020042419434,0.018938133493065834,0.6335100531578064,2.404848337173462
931,0.992668867111206,0.020507223904132843,0.6397879719734192,2.3545782566070557
932,0.9928085207939148,0.020940905436873436,0.6369977593421936,2.445981740951538
933,0.9918310642242432,0.022662276402115822,0.6378348469734192,2.3325257301330566
934,0.9928783178329468,0.020181113854050636,0.6364397406578064,2.408158540725708
935,0.9925641417503357,0.01942872256040573,0.6298828125,2.3803021907806396
936,0.9929481744766235,0.01921381801366806,0.6378348469734192,2.465428590774536
937,0.9937859773635864,0.017894696444272995,0.6344866156578064,2.3975517749786377
938,0.9925990700721741,0.019346537068486214,0.6330915093421936,2.4532241821289062
939,0.9930179715156555,0.0204646997153759,0.6363002061843872,2.3646628856658936
940,0.9929830431938171,0.01996489055454731,0.6346260905265808,2.422515869140625
941,0.992668867111206,0.018541380763053894,0.6354631781578064,2.41694974899292
942,0.9923197627067566,0.020195363089442253,0.6325334906578064,2.498871326446533
943,0.9930528998374939,0.01836959272623062,0.6353236436843872,2.4482474327087402
944,0.9925641417503357,0.019183862954378128,0.6315569281578064,2.357097625732422
945,0.9928783178329468,0.019406206905841827,0.6337890625,2.368959665298462
946,0.9926339387893677,0.021919794380664825,0.6364397406578064,2.297447681427002
947,0.9923197627067566,0.022667786106467247,0.6356026530265808,2.373563289642334
948,0.9935067296028137,0.018034473061561584,0.6312779188156128,2.3328304290771484
949,0.9929481744766235,0.019437983632087708,0.6354631781578064,2.4231204986572266
950,0.9920405149459839,0.021098477765917778,0.6368582844734192,2.3536810874938965
951,0.992668867111206,0.02011357806622982,0.6363002061843872,2.3372113704681396
952,0.9924594163894653,0.019412128254771233,0.6354631781578064,2.3919308185577393
953,0.9921801090240479,0.02061876468360424,0.6323939561843872,2.386585235595703
954,0.9923896193504333,0.020616337656974792,0.6329520344734192,2.3771708011627197
955,0.9921801090240479,0.02110578678548336,0.6337890625,2.3608226776123047
956,0.9916215538978577,0.022320646792650223,0.6357421875,2.3478448390960693
957,0.9921801090240479,0.020648155361413956,0.6357421875,2.3449666500091553
958,0.9934020042419434,0.018886208534240723,0.6353236436843872,2.3863675594329834
959,0.991656482219696,0.024024643003940582,0.6356026530265808,2.3027005195617676
960,0.9924943447113037,0.019033782184123993,0.6365792155265808,2.3344357013702393
961,0.992424488067627,0.020269181579351425,0.6364397406578064,2.4232752323150635
962,0.9932623505592346,0.019282717257738113,0.6321149468421936,2.3726232051849365
963,0.9928085207939148,0.01901518553495407,0.6325334906578064,2.390737295150757
964,0.9930878281593323,0.01973407343029976,0.6336495280265808,2.402184009552002
965,0.992424488067627,0.020618245005607605,0.6379743218421936,2.3997371196746826
966,0.992354691028595,0.021345648914575577,0.6390904188156128,2.3642418384552
967,0.9924594163894653,0.019124997779726982,0.6378348469734192,2.3562824726104736
968,0.993367075920105,0.018490532413125038,0.6315569281578064,2.313493251800537
969,0.9925292134284973,0.020646456629037857,0.6307198405265808,2.5118415355682373
970,0.9928783178329468,0.01963341422379017,0.6323939561843872,2.3976705074310303
971,0.9932623505592346,0.019192596897482872,0.6337890625,2.399171829223633
972,0.992284893989563,0.01903269812464714,0.6358817219734192,2.3659212589263916
973,0.9936114549636841,0.01805528625845909,0.6358817219734192,2.289886713027954
974,0.9919357895851135,0.020832952111959457,0.6381138563156128,2.368983507156372
975,0.9928783178329468,0.01780768856406212,0.6319754719734192,2.375676393508911
976,0.9932623505592346,0.017857929691672325,0.6343470811843872,2.377654552459717
977,0.9914819598197937,0.02404441498219967,0.6321149468421936,2.3615849018096924
978,0.992424488067627,0.02029896341264248,0.63671875,2.3617022037506104
979,0.9925990700721741,0.01997893862426281,0.638671875,2.46156644821167
980,0.9920753836631775,0.022264407947659492,0.6350446343421936,2.430269241333008
981,0.9930528998374939,0.018583351746201515,0.6360211968421936,2.3662326335906982
982,0.9924594163894653,0.01991843618452549,0.6326729655265808,2.3360207080841064
983,0.9927037954330444,0.01895618997514248,0.63671875,2.338097095489502
984,0.9939256310462952,0.016947131603956223,0.6322544813156128,2.4532315731048584
985,0.9929132461547852,0.01888873428106308,0.6335100531578064,2.318838596343994
986,0.9927735924720764,0.020260365679860115,0.6309989094734192,2.3730616569519043
987,0.9921452403068542,0.020764794200658798,0.6315569281578064,2.3668789863586426
988,0.9919008612632751,0.021026283502578735,0.6378348469734192,2.3823275566101074
989,0.9929132461547852,0.01890682429075241,0.6316964030265808,2.386972665786743
990,0.9925641417503357,0.018996844068169594,0.630859375,2.304910182952881
991,0.9927735924720764,0.019091881811618805,0.6300223469734192,2.4495861530303955
992,0.9932623505592346,0.018405789509415627,0.6328125,2.407383680343628
993,0.9924594163894653,0.020565684884786606,0.6314173936843872,2.4019129276275635
994,0.993297278881073,0.018841607496142387,0.6339285969734192,2.3404953479766846
995,0.992668867111206,0.02034253440797329,0.6337890625,2.323620080947876
996,0.9929132461547852,0.01873599737882614,0.6333705186843872,2.3424172401428223
997,0.9929830431938171,0.019225509837269783,0.6332310438156128,2.388937473297119
998,0.9925641417503357,0.020246511325240135,0.62890625,2.376373052597046
999,0.9929481744766235,0.01970783621072769,0.6371372938156128,2.4048726558685303
